[2024-11-18T23:05:50.479+0000] {processor.py:161} INFO - Started process (PID=105) to work on /opt/airflow/dags/base_dag.py
[2024-11-18T23:05:50.490+0000] {processor.py:830} INFO - Processing file /opt/airflow/dags/base_dag.py for tasks to queue
[2024-11-18T23:05:50.507+0000] {logging_mixin.py:188} INFO - [2024-11-18T23:05:50.505+0000] {dagbag.py:540} INFO - Filling up the DagBag from /opt/airflow/dags/base_dag.py
[2024-11-18T23:05:50.650+0000] {processor.py:840} INFO - DAG(s) 'base_dag' retrieved from /opt/airflow/dags/base_dag.py
[2024-11-18T23:05:51.547+0000] {logging_mixin.py:188} INFO - [2024-11-18T23:05:51.546+0000] {dag.py:3047} INFO - Sync 1 DAGs
[2024-11-18T23:05:51.651+0000] {logging_mixin.py:188} INFO - [2024-11-18T23:05:51.650+0000] {dag.py:3834} INFO - Setting next_dagrun for base_dag to None, run_after=None
[2024-11-18T23:05:51.740+0000] {processor.py:183} INFO - Processing /opt/airflow/dags/base_dag.py took 1.287 seconds
[2024-11-18T23:06:22.394+0000] {processor.py:161} INFO - Started process (PID=112) to work on /opt/airflow/dags/base_dag.py
[2024-11-18T23:06:22.398+0000] {processor.py:830} INFO - Processing file /opt/airflow/dags/base_dag.py for tasks to queue
[2024-11-18T23:06:22.405+0000] {logging_mixin.py:188} INFO - [2024-11-18T23:06:22.404+0000] {dagbag.py:540} INFO - Filling up the DagBag from /opt/airflow/dags/base_dag.py
[2024-11-18T23:06:22.502+0000] {processor.py:840} INFO - DAG(s) 'base_dag' retrieved from /opt/airflow/dags/base_dag.py
[2024-11-18T23:06:24.178+0000] {logging_mixin.py:188} INFO - [2024-11-18T23:06:24.176+0000] {dag.py:3047} INFO - Sync 1 DAGs
[2024-11-18T23:06:25.262+0000] {logging_mixin.py:188} INFO - [2024-11-18T23:06:25.261+0000] {dag.py:3834} INFO - Setting next_dagrun for base_dag to None, run_after=None
[2024-11-18T23:06:25.663+0000] {processor.py:183} INFO - Processing /opt/airflow/dags/base_dag.py took 3.284 seconds
[2024-11-18T23:06:55.796+0000] {processor.py:161} INFO - Started process (PID=119) to work on /opt/airflow/dags/base_dag.py
[2024-11-18T23:06:55.798+0000] {processor.py:830} INFO - Processing file /opt/airflow/dags/base_dag.py for tasks to queue
[2024-11-18T23:06:55.801+0000] {logging_mixin.py:188} INFO - [2024-11-18T23:06:55.800+0000] {dagbag.py:540} INFO - Filling up the DagBag from /opt/airflow/dags/base_dag.py
[2024-11-18T23:06:55.823+0000] {processor.py:840} INFO - DAG(s) 'base_dag' retrieved from /opt/airflow/dags/base_dag.py
[2024-11-18T23:06:55.865+0000] {logging_mixin.py:188} INFO - [2024-11-18T23:06:55.864+0000] {dag.py:3047} INFO - Sync 1 DAGs
[2024-11-18T23:06:55.902+0000] {logging_mixin.py:188} INFO - [2024-11-18T23:06:55.901+0000] {dag.py:3834} INFO - Setting next_dagrun for base_dag to None, run_after=None
[2024-11-18T23:06:55.941+0000] {processor.py:183} INFO - Processing /opt/airflow/dags/base_dag.py took 0.149 seconds
[2024-11-18T23:07:26.037+0000] {processor.py:161} INFO - Started process (PID=126) to work on /opt/airflow/dags/base_dag.py
[2024-11-18T23:07:26.039+0000] {processor.py:830} INFO - Processing file /opt/airflow/dags/base_dag.py for tasks to queue
[2024-11-18T23:07:26.042+0000] {logging_mixin.py:188} INFO - [2024-11-18T23:07:26.042+0000] {dagbag.py:540} INFO - Filling up the DagBag from /opt/airflow/dags/base_dag.py
[2024-11-18T23:07:26.074+0000] {processor.py:840} INFO - DAG(s) 'base_dag' retrieved from /opt/airflow/dags/base_dag.py
[2024-11-18T23:07:26.118+0000] {logging_mixin.py:188} INFO - [2024-11-18T23:07:26.117+0000] {dag.py:3047} INFO - Sync 1 DAGs
[2024-11-18T23:07:26.155+0000] {logging_mixin.py:188} INFO - [2024-11-18T23:07:26.154+0000] {dag.py:3834} INFO - Setting next_dagrun for base_dag to None, run_after=None
[2024-11-18T23:07:26.189+0000] {processor.py:183} INFO - Processing /opt/airflow/dags/base_dag.py took 0.156 seconds
[2024-11-18T23:07:56.421+0000] {processor.py:161} INFO - Started process (PID=133) to work on /opt/airflow/dags/base_dag.py
[2024-11-18T23:07:56.423+0000] {processor.py:830} INFO - Processing file /opt/airflow/dags/base_dag.py for tasks to queue
[2024-11-18T23:07:56.425+0000] {logging_mixin.py:188} INFO - [2024-11-18T23:07:56.424+0000] {dagbag.py:540} INFO - Filling up the DagBag from /opt/airflow/dags/base_dag.py
[2024-11-18T23:07:56.448+0000] {processor.py:840} INFO - DAG(s) 'base_dag' retrieved from /opt/airflow/dags/base_dag.py
[2024-11-18T23:07:56.487+0000] {logging_mixin.py:188} INFO - [2024-11-18T23:07:56.486+0000] {dag.py:3047} INFO - Sync 1 DAGs
[2024-11-18T23:07:56.518+0000] {logging_mixin.py:188} INFO - [2024-11-18T23:07:56.518+0000] {dag.py:3834} INFO - Setting next_dagrun for base_dag to None, run_after=None
[2024-11-18T23:07:56.549+0000] {processor.py:183} INFO - Processing /opt/airflow/dags/base_dag.py took 0.132 seconds
[2024-11-18T23:08:26.711+0000] {processor.py:161} INFO - Started process (PID=140) to work on /opt/airflow/dags/base_dag.py
[2024-11-18T23:08:26.713+0000] {processor.py:830} INFO - Processing file /opt/airflow/dags/base_dag.py for tasks to queue
[2024-11-18T23:08:26.715+0000] {logging_mixin.py:188} INFO - [2024-11-18T23:08:26.715+0000] {dagbag.py:540} INFO - Filling up the DagBag from /opt/airflow/dags/base_dag.py
[2024-11-18T23:08:26.742+0000] {processor.py:840} INFO - DAG(s) 'base_dag' retrieved from /opt/airflow/dags/base_dag.py
[2024-11-18T23:08:26.781+0000] {logging_mixin.py:188} INFO - [2024-11-18T23:08:26.780+0000] {dag.py:3047} INFO - Sync 1 DAGs
[2024-11-18T23:08:26.812+0000] {logging_mixin.py:188} INFO - [2024-11-18T23:08:26.812+0000] {dag.py:3834} INFO - Setting next_dagrun for base_dag to None, run_after=None
[2024-11-18T23:08:26.844+0000] {processor.py:183} INFO - Processing /opt/airflow/dags/base_dag.py took 0.136 seconds
[2024-11-18T23:08:57.952+0000] {processor.py:161} INFO - Started process (PID=147) to work on /opt/airflow/dags/base_dag.py
[2024-11-18T23:08:57.955+0000] {processor.py:830} INFO - Processing file /opt/airflow/dags/base_dag.py for tasks to queue
[2024-11-18T23:08:57.960+0000] {logging_mixin.py:188} INFO - [2024-11-18T23:08:57.959+0000] {dagbag.py:540} INFO - Filling up the DagBag from /opt/airflow/dags/base_dag.py
[2024-11-18T23:08:58.170+0000] {processor.py:840} INFO - DAG(s) 'base_dag' retrieved from /opt/airflow/dags/base_dag.py
[2024-11-18T23:08:58.426+0000] {logging_mixin.py:188} INFO - [2024-11-18T23:08:58.425+0000] {dag.py:3047} INFO - Sync 1 DAGs
[2024-11-18T23:08:58.605+0000] {logging_mixin.py:188} INFO - [2024-11-18T23:08:58.604+0000] {dag.py:3834} INFO - Setting next_dagrun for base_dag to None, run_after=None
[2024-11-18T23:08:58.789+0000] {processor.py:183} INFO - Processing /opt/airflow/dags/base_dag.py took 0.846 seconds
[2024-11-18T23:09:29.214+0000] {processor.py:161} INFO - Started process (PID=154) to work on /opt/airflow/dags/base_dag.py
[2024-11-18T23:09:29.216+0000] {processor.py:830} INFO - Processing file /opt/airflow/dags/base_dag.py for tasks to queue
[2024-11-18T23:09:29.220+0000] {logging_mixin.py:188} INFO - [2024-11-18T23:09:29.219+0000] {dagbag.py:540} INFO - Filling up the DagBag from /opt/airflow/dags/base_dag.py
[2024-11-18T23:09:29.250+0000] {processor.py:840} INFO - DAG(s) 'base_dag' retrieved from /opt/airflow/dags/base_dag.py
[2024-11-18T23:09:29.301+0000] {logging_mixin.py:188} INFO - [2024-11-18T23:09:29.301+0000] {dag.py:3047} INFO - Sync 1 DAGs
[2024-11-18T23:09:29.350+0000] {logging_mixin.py:188} INFO - [2024-11-18T23:09:29.350+0000] {dag.py:3834} INFO - Setting next_dagrun for base_dag to None, run_after=None
[2024-11-18T23:09:29.396+0000] {processor.py:183} INFO - Processing /opt/airflow/dags/base_dag.py took 0.187 seconds
[2024-11-18T23:09:59.466+0000] {processor.py:161} INFO - Started process (PID=161) to work on /opt/airflow/dags/base_dag.py
[2024-11-18T23:09:59.467+0000] {processor.py:830} INFO - Processing file /opt/airflow/dags/base_dag.py for tasks to queue
[2024-11-18T23:09:59.471+0000] {logging_mixin.py:188} INFO - [2024-11-18T23:09:59.470+0000] {dagbag.py:540} INFO - Filling up the DagBag from /opt/airflow/dags/base_dag.py
[2024-11-18T23:09:59.500+0000] {processor.py:840} INFO - DAG(s) 'base_dag' retrieved from /opt/airflow/dags/base_dag.py
[2024-11-18T23:09:59.540+0000] {logging_mixin.py:188} INFO - [2024-11-18T23:09:59.539+0000] {dag.py:3047} INFO - Sync 1 DAGs
[2024-11-18T23:09:59.571+0000] {logging_mixin.py:188} INFO - [2024-11-18T23:09:59.570+0000] {dag.py:3834} INFO - Setting next_dagrun for base_dag to None, run_after=None
[2024-11-18T23:09:59.601+0000] {processor.py:183} INFO - Processing /opt/airflow/dags/base_dag.py took 0.139 seconds
[2024-11-18T23:10:29.856+0000] {processor.py:161} INFO - Started process (PID=168) to work on /opt/airflow/dags/base_dag.py
[2024-11-18T23:10:29.857+0000] {processor.py:830} INFO - Processing file /opt/airflow/dags/base_dag.py for tasks to queue
[2024-11-18T23:10:29.860+0000] {logging_mixin.py:188} INFO - [2024-11-18T23:10:29.859+0000] {dagbag.py:540} INFO - Filling up the DagBag from /opt/airflow/dags/base_dag.py
[2024-11-18T23:10:29.886+0000] {processor.py:840} INFO - DAG(s) 'base_dag' retrieved from /opt/airflow/dags/base_dag.py
[2024-11-18T23:10:29.926+0000] {logging_mixin.py:188} INFO - [2024-11-18T23:10:29.926+0000] {dag.py:3047} INFO - Sync 1 DAGs
[2024-11-18T23:10:29.963+0000] {logging_mixin.py:188} INFO - [2024-11-18T23:10:29.962+0000] {dag.py:3834} INFO - Setting next_dagrun for base_dag to None, run_after=None
[2024-11-18T23:10:29.998+0000] {processor.py:183} INFO - Processing /opt/airflow/dags/base_dag.py took 0.146 seconds
[2024-11-18T23:11:00.104+0000] {processor.py:161} INFO - Started process (PID=175) to work on /opt/airflow/dags/base_dag.py
[2024-11-18T23:11:00.105+0000] {processor.py:830} INFO - Processing file /opt/airflow/dags/base_dag.py for tasks to queue
[2024-11-18T23:11:00.108+0000] {logging_mixin.py:188} INFO - [2024-11-18T23:11:00.107+0000] {dagbag.py:540} INFO - Filling up the DagBag from /opt/airflow/dags/base_dag.py
[2024-11-18T23:11:00.129+0000] {processor.py:840} INFO - DAG(s) 'base_dag' retrieved from /opt/airflow/dags/base_dag.py
[2024-11-18T23:11:00.162+0000] {logging_mixin.py:188} INFO - [2024-11-18T23:11:00.162+0000] {dag.py:3047} INFO - Sync 1 DAGs
[2024-11-18T23:11:00.192+0000] {logging_mixin.py:188} INFO - [2024-11-18T23:11:00.191+0000] {dag.py:3834} INFO - Setting next_dagrun for base_dag to None, run_after=None
[2024-11-18T23:11:00.220+0000] {processor.py:183} INFO - Processing /opt/airflow/dags/base_dag.py took 0.121 seconds
[2024-11-18T23:11:30.380+0000] {processor.py:161} INFO - Started process (PID=182) to work on /opt/airflow/dags/base_dag.py
[2024-11-18T23:11:30.382+0000] {processor.py:830} INFO - Processing file /opt/airflow/dags/base_dag.py for tasks to queue
[2024-11-18T23:11:30.384+0000] {logging_mixin.py:188} INFO - [2024-11-18T23:11:30.384+0000] {dagbag.py:540} INFO - Filling up the DagBag from /opt/airflow/dags/base_dag.py
[2024-11-18T23:11:30.409+0000] {processor.py:840} INFO - DAG(s) 'base_dag' retrieved from /opt/airflow/dags/base_dag.py
[2024-11-18T23:11:30.449+0000] {logging_mixin.py:188} INFO - [2024-11-18T23:11:30.449+0000] {dag.py:3047} INFO - Sync 1 DAGs
[2024-11-18T23:11:30.481+0000] {logging_mixin.py:188} INFO - [2024-11-18T23:11:30.481+0000] {dag.py:3834} INFO - Setting next_dagrun for base_dag to None, run_after=None
[2024-11-18T23:11:30.512+0000] {processor.py:183} INFO - Processing /opt/airflow/dags/base_dag.py took 0.137 seconds
[2024-11-18T23:12:00.680+0000] {processor.py:161} INFO - Started process (PID=189) to work on /opt/airflow/dags/base_dag.py
[2024-11-18T23:12:00.681+0000] {processor.py:830} INFO - Processing file /opt/airflow/dags/base_dag.py for tasks to queue
[2024-11-18T23:12:00.684+0000] {logging_mixin.py:188} INFO - [2024-11-18T23:12:00.683+0000] {dagbag.py:540} INFO - Filling up the DagBag from /opt/airflow/dags/base_dag.py
[2024-11-18T23:12:00.711+0000] {processor.py:840} INFO - DAG(s) 'base_dag' retrieved from /opt/airflow/dags/base_dag.py
[2024-11-18T23:12:00.747+0000] {logging_mixin.py:188} INFO - [2024-11-18T23:12:00.746+0000] {dag.py:3047} INFO - Sync 1 DAGs
[2024-11-18T23:12:00.775+0000] {logging_mixin.py:188} INFO - [2024-11-18T23:12:00.775+0000] {dag.py:3834} INFO - Setting next_dagrun for base_dag to None, run_after=None
[2024-11-18T23:12:00.810+0000] {processor.py:183} INFO - Processing /opt/airflow/dags/base_dag.py took 0.135 seconds
[2024-11-18T23:12:31.034+0000] {processor.py:161} INFO - Started process (PID=197) to work on /opt/airflow/dags/base_dag.py
[2024-11-18T23:12:31.036+0000] {processor.py:830} INFO - Processing file /opt/airflow/dags/base_dag.py for tasks to queue
[2024-11-18T23:12:31.044+0000] {logging_mixin.py:188} INFO - [2024-11-18T23:12:31.043+0000] {dagbag.py:540} INFO - Filling up the DagBag from /opt/airflow/dags/base_dag.py
[2024-11-18T23:12:31.099+0000] {processor.py:840} INFO - DAG(s) 'base_dag' retrieved from /opt/airflow/dags/base_dag.py
[2024-11-18T23:12:31.207+0000] {logging_mixin.py:188} INFO - [2024-11-18T23:12:31.206+0000] {dag.py:3047} INFO - Sync 1 DAGs
[2024-11-18T23:12:31.307+0000] {logging_mixin.py:188} INFO - [2024-11-18T23:12:31.306+0000] {dag.py:3834} INFO - Setting next_dagrun for base_dag to None, run_after=None
[2024-11-18T23:12:31.395+0000] {processor.py:183} INFO - Processing /opt/airflow/dags/base_dag.py took 0.367 seconds
[2024-11-18T23:13:01.672+0000] {processor.py:161} INFO - Started process (PID=205) to work on /opt/airflow/dags/base_dag.py
[2024-11-18T23:13:01.674+0000] {processor.py:830} INFO - Processing file /opt/airflow/dags/base_dag.py for tasks to queue
[2024-11-18T23:13:01.677+0000] {logging_mixin.py:188} INFO - [2024-11-18T23:13:01.676+0000] {dagbag.py:540} INFO - Filling up the DagBag from /opt/airflow/dags/base_dag.py
[2024-11-18T23:13:01.713+0000] {processor.py:840} INFO - DAG(s) 'base_dag' retrieved from /opt/airflow/dags/base_dag.py
[2024-11-18T23:13:01.758+0000] {logging_mixin.py:188} INFO - [2024-11-18T23:13:01.758+0000] {dag.py:3047} INFO - Sync 1 DAGs
[2024-11-18T23:13:01.799+0000] {logging_mixin.py:188} INFO - [2024-11-18T23:13:01.798+0000] {dag.py:3834} INFO - Setting next_dagrun for base_dag to None, run_after=None
[2024-11-18T23:13:01.841+0000] {processor.py:183} INFO - Processing /opt/airflow/dags/base_dag.py took 0.176 seconds
[2024-11-18T23:13:31.904+0000] {processor.py:161} INFO - Started process (PID=212) to work on /opt/airflow/dags/base_dag.py
[2024-11-18T23:13:31.905+0000] {processor.py:830} INFO - Processing file /opt/airflow/dags/base_dag.py for tasks to queue
[2024-11-18T23:13:31.909+0000] {logging_mixin.py:188} INFO - [2024-11-18T23:13:31.908+0000] {dagbag.py:540} INFO - Filling up the DagBag from /opt/airflow/dags/base_dag.py
[2024-11-18T23:13:31.938+0000] {processor.py:840} INFO - DAG(s) 'base_dag' retrieved from /opt/airflow/dags/base_dag.py
[2024-11-18T23:13:31.981+0000] {logging_mixin.py:188} INFO - [2024-11-18T23:13:31.981+0000] {dag.py:3047} INFO - Sync 1 DAGs
[2024-11-18T23:13:32.022+0000] {logging_mixin.py:188} INFO - [2024-11-18T23:13:32.021+0000] {dag.py:3834} INFO - Setting next_dagrun for base_dag to None, run_after=None
[2024-11-18T23:13:32.062+0000] {processor.py:183} INFO - Processing /opt/airflow/dags/base_dag.py took 0.164 seconds
[2024-11-18T23:14:02.391+0000] {processor.py:161} INFO - Started process (PID=219) to work on /opt/airflow/dags/base_dag.py
[2024-11-18T23:14:02.396+0000] {processor.py:830} INFO - Processing file /opt/airflow/dags/base_dag.py for tasks to queue
[2024-11-18T23:14:02.401+0000] {logging_mixin.py:188} INFO - [2024-11-18T23:14:02.400+0000] {dagbag.py:540} INFO - Filling up the DagBag from /opt/airflow/dags/base_dag.py
[2024-11-18T23:14:02.453+0000] {processor.py:840} INFO - DAG(s) 'base_dag' retrieved from /opt/airflow/dags/base_dag.py
[2024-11-18T23:14:02.500+0000] {logging_mixin.py:188} INFO - [2024-11-18T23:14:02.499+0000] {dag.py:3047} INFO - Sync 1 DAGs
[2024-11-18T23:14:02.537+0000] {logging_mixin.py:188} INFO - [2024-11-18T23:14:02.536+0000] {dag.py:3834} INFO - Setting next_dagrun for base_dag to None, run_after=None
[2024-11-18T23:14:02.574+0000] {processor.py:183} INFO - Processing /opt/airflow/dags/base_dag.py took 0.194 seconds
[2024-11-18T23:14:32.826+0000] {processor.py:161} INFO - Started process (PID=232) to work on /opt/airflow/dags/base_dag.py
[2024-11-18T23:14:32.828+0000] {processor.py:830} INFO - Processing file /opt/airflow/dags/base_dag.py for tasks to queue
[2024-11-18T23:14:32.831+0000] {logging_mixin.py:188} INFO - [2024-11-18T23:14:32.830+0000] {dagbag.py:540} INFO - Filling up the DagBag from /opt/airflow/dags/base_dag.py
[2024-11-18T23:14:32.851+0000] {processor.py:840} INFO - DAG(s) 'base_dag' retrieved from /opt/airflow/dags/base_dag.py
[2024-11-18T23:14:32.890+0000] {logging_mixin.py:188} INFO - [2024-11-18T23:14:32.890+0000] {dag.py:3047} INFO - Sync 1 DAGs
[2024-11-18T23:14:32.918+0000] {logging_mixin.py:188} INFO - [2024-11-18T23:14:32.918+0000] {dag.py:3834} INFO - Setting next_dagrun for base_dag to None, run_after=None
[2024-11-18T23:14:32.955+0000] {processor.py:183} INFO - Processing /opt/airflow/dags/base_dag.py took 0.132 seconds
[2024-11-18T23:15:03.075+0000] {processor.py:161} INFO - Started process (PID=239) to work on /opt/airflow/dags/base_dag.py
[2024-11-18T23:15:03.076+0000] {processor.py:830} INFO - Processing file /opt/airflow/dags/base_dag.py for tasks to queue
[2024-11-18T23:15:03.079+0000] {logging_mixin.py:188} INFO - [2024-11-18T23:15:03.078+0000] {dagbag.py:540} INFO - Filling up the DagBag from /opt/airflow/dags/base_dag.py
[2024-11-18T23:15:03.114+0000] {processor.py:840} INFO - DAG(s) 'base_dag' retrieved from /opt/airflow/dags/base_dag.py
[2024-11-18T23:15:03.163+0000] {logging_mixin.py:188} INFO - [2024-11-18T23:15:03.163+0000] {dag.py:3047} INFO - Sync 1 DAGs
[2024-11-18T23:15:03.195+0000] {logging_mixin.py:188} INFO - [2024-11-18T23:15:03.194+0000] {dag.py:3834} INFO - Setting next_dagrun for base_dag to None, run_after=None
[2024-11-18T23:15:03.224+0000] {processor.py:183} INFO - Processing /opt/airflow/dags/base_dag.py took 0.153 seconds
[2024-11-18T23:15:33.392+0000] {processor.py:161} INFO - Started process (PID=246) to work on /opt/airflow/dags/base_dag.py
[2024-11-18T23:15:33.394+0000] {processor.py:830} INFO - Processing file /opt/airflow/dags/base_dag.py for tasks to queue
[2024-11-18T23:15:33.396+0000] {logging_mixin.py:188} INFO - [2024-11-18T23:15:33.395+0000] {dagbag.py:540} INFO - Filling up the DagBag from /opt/airflow/dags/base_dag.py
[2024-11-18T23:15:33.429+0000] {processor.py:840} INFO - DAG(s) 'base_dag' retrieved from /opt/airflow/dags/base_dag.py
[2024-11-18T23:15:33.478+0000] {logging_mixin.py:188} INFO - [2024-11-18T23:15:33.477+0000] {dag.py:3047} INFO - Sync 1 DAGs
[2024-11-18T23:15:33.518+0000] {logging_mixin.py:188} INFO - [2024-11-18T23:15:33.517+0000] {dag.py:3834} INFO - Setting next_dagrun for base_dag to None, run_after=None
[2024-11-18T23:15:33.553+0000] {processor.py:183} INFO - Processing /opt/airflow/dags/base_dag.py took 0.164 seconds
[2024-11-18T23:16:03.822+0000] {processor.py:161} INFO - Started process (PID=254) to work on /opt/airflow/dags/base_dag.py
[2024-11-18T23:16:03.823+0000] {processor.py:830} INFO - Processing file /opt/airflow/dags/base_dag.py for tasks to queue
[2024-11-18T23:16:03.826+0000] {logging_mixin.py:188} INFO - [2024-11-18T23:16:03.825+0000] {dagbag.py:540} INFO - Filling up the DagBag from /opt/airflow/dags/base_dag.py
[2024-11-18T23:16:03.857+0000] {processor.py:840} INFO - DAG(s) 'base_dag' retrieved from /opt/airflow/dags/base_dag.py
[2024-11-18T23:16:03.903+0000] {logging_mixin.py:188} INFO - [2024-11-18T23:16:03.903+0000] {dag.py:3047} INFO - Sync 1 DAGs
[2024-11-18T23:16:03.948+0000] {logging_mixin.py:188} INFO - [2024-11-18T23:16:03.947+0000] {dag.py:3834} INFO - Setting next_dagrun for base_dag to None, run_after=None
[2024-11-18T23:16:03.987+0000] {processor.py:183} INFO - Processing /opt/airflow/dags/base_dag.py took 0.170 seconds
[2024-11-18T23:16:34.323+0000] {processor.py:161} INFO - Started process (PID=262) to work on /opt/airflow/dags/base_dag.py
[2024-11-18T23:16:34.325+0000] {processor.py:830} INFO - Processing file /opt/airflow/dags/base_dag.py for tasks to queue
[2024-11-18T23:16:34.328+0000] {logging_mixin.py:188} INFO - [2024-11-18T23:16:34.328+0000] {dagbag.py:540} INFO - Filling up the DagBag from /opt/airflow/dags/base_dag.py
[2024-11-18T23:16:34.370+0000] {processor.py:840} INFO - DAG(s) 'base_dag' retrieved from /opt/airflow/dags/base_dag.py
[2024-11-18T23:16:34.421+0000] {logging_mixin.py:188} INFO - [2024-11-18T23:16:34.420+0000] {dag.py:3047} INFO - Sync 1 DAGs
[2024-11-18T23:16:34.467+0000] {logging_mixin.py:188} INFO - [2024-11-18T23:16:34.466+0000] {dag.py:3834} INFO - Setting next_dagrun for base_dag to None, run_after=None
[2024-11-18T23:16:34.513+0000] {processor.py:183} INFO - Processing /opt/airflow/dags/base_dag.py took 0.203 seconds
[2024-11-18T23:17:04.810+0000] {processor.py:161} INFO - Started process (PID=270) to work on /opt/airflow/dags/base_dag.py
[2024-11-18T23:17:04.811+0000] {processor.py:830} INFO - Processing file /opt/airflow/dags/base_dag.py for tasks to queue
[2024-11-18T23:17:04.814+0000] {logging_mixin.py:188} INFO - [2024-11-18T23:17:04.813+0000] {dagbag.py:540} INFO - Filling up the DagBag from /opt/airflow/dags/base_dag.py
[2024-11-18T23:17:04.835+0000] {processor.py:840} INFO - DAG(s) 'base_dag' retrieved from /opt/airflow/dags/base_dag.py
[2024-11-18T23:17:04.885+0000] {logging_mixin.py:188} INFO - [2024-11-18T23:17:04.884+0000] {dag.py:3047} INFO - Sync 1 DAGs
[2024-11-18T23:17:04.917+0000] {logging_mixin.py:188} INFO - [2024-11-18T23:17:04.917+0000] {dag.py:3834} INFO - Setting next_dagrun for base_dag to None, run_after=None
[2024-11-18T23:17:04.953+0000] {processor.py:183} INFO - Processing /opt/airflow/dags/base_dag.py took 0.147 seconds
[2024-11-18T23:17:35.078+0000] {processor.py:161} INFO - Started process (PID=278) to work on /opt/airflow/dags/base_dag.py
[2024-11-18T23:17:35.080+0000] {processor.py:830} INFO - Processing file /opt/airflow/dags/base_dag.py for tasks to queue
[2024-11-18T23:17:35.085+0000] {logging_mixin.py:188} INFO - [2024-11-18T23:17:35.084+0000] {dagbag.py:540} INFO - Filling up the DagBag from /opt/airflow/dags/base_dag.py
[2024-11-18T23:17:35.144+0000] {processor.py:840} INFO - DAG(s) 'base_dag' retrieved from /opt/airflow/dags/base_dag.py
[2024-11-18T23:17:35.243+0000] {logging_mixin.py:188} INFO - [2024-11-18T23:17:35.243+0000] {dag.py:3047} INFO - Sync 1 DAGs
[2024-11-18T23:17:35.311+0000] {logging_mixin.py:188} INFO - [2024-11-18T23:17:35.310+0000] {dag.py:3834} INFO - Setting next_dagrun for base_dag to None, run_after=None
[2024-11-18T23:17:35.388+0000] {processor.py:183} INFO - Processing /opt/airflow/dags/base_dag.py took 0.321 seconds
[2024-11-18T23:18:07.788+0000] {processor.py:161} INFO - Started process (PID=280) to work on /opt/airflow/dags/base_dag.py
[2024-11-18T23:18:08.021+0000] {processor.py:830} INFO - Processing file /opt/airflow/dags/base_dag.py for tasks to queue
[2024-11-18T23:18:11.079+0000] {logging_mixin.py:188} INFO - [2024-11-18T23:18:08.429+0000] {dagbag.py:540} INFO - Filling up the DagBag from /opt/airflow/dags/base_dag.py
[2024-11-18T23:21:38.427+0000] {logging_mixin.py:188} INFO - [2024-11-18T23:20:30.502+0000] {timeout.py:68} ERROR - Process timed out, PID: 280
[2024-11-18T23:28:00.947+0000] {processor.py:161} INFO - Started process (PID=282) to work on /opt/airflow/dags/base_dag.py
[2024-11-18T23:28:32.826+0000] {processor.py:830} INFO - Processing file /opt/airflow/dags/base_dag.py for tasks to queue
[2024-11-18T23:28:56.804+0000] {logging_mixin.py:188} INFO - [2024-11-18T23:28:42.519+0000] {dagbag.py:540} INFO - Filling up the DagBag from /opt/airflow/dags/base_dag.py
[2024-11-18T23:33:30.106+0000] {processor.py:161} INFO - Started process (PID=103) to work on /opt/airflow/dags/base_dag.py
[2024-11-18T23:33:30.147+0000] {processor.py:830} INFO - Processing file /opt/airflow/dags/base_dag.py for tasks to queue
[2024-11-18T23:33:30.198+0000] {logging_mixin.py:188} INFO - [2024-11-18T23:33:30.194+0000] {dagbag.py:540} INFO - Filling up the DagBag from /opt/airflow/dags/base_dag.py
[2024-11-18T23:33:30.482+0000] {processor.py:840} INFO - DAG(s) 'base_dag' retrieved from /opt/airflow/dags/base_dag.py
[2024-11-18T23:33:31.612+0000] {logging_mixin.py:188} INFO - [2024-11-18T23:33:31.610+0000] {dag.py:3047} INFO - Sync 1 DAGs
[2024-11-18T23:33:34.152+0000] {logging_mixin.py:188} INFO - [2024-11-18T23:33:34.151+0000] {dag.py:3834} INFO - Setting next_dagrun for base_dag to None, run_after=None
[2024-11-18T23:33:34.586+0000] {processor.py:183} INFO - Processing /opt/airflow/dags/base_dag.py took 4.595 seconds
[2024-11-18T23:34:05.936+0000] {processor.py:161} INFO - Started process (PID=111) to work on /opt/airflow/dags/base_dag.py
[2024-11-18T23:34:05.978+0000] {processor.py:830} INFO - Processing file /opt/airflow/dags/base_dag.py for tasks to queue
[2024-11-18T23:34:06.049+0000] {logging_mixin.py:188} INFO - [2024-11-18T23:34:06.044+0000] {dagbag.py:540} INFO - Filling up the DagBag from /opt/airflow/dags/base_dag.py
[2024-11-18T23:34:06.220+0000] {processor.py:840} INFO - DAG(s) 'base_dag' retrieved from /opt/airflow/dags/base_dag.py
[2024-11-18T23:34:07.656+0000] {logging_mixin.py:188} INFO - [2024-11-18T23:34:07.655+0000] {dag.py:3047} INFO - Sync 1 DAGs
[2024-11-18T23:34:08.347+0000] {logging_mixin.py:188} INFO - [2024-11-18T23:34:08.346+0000] {dag.py:3834} INFO - Setting next_dagrun for base_dag to None, run_after=None
[2024-11-18T23:34:08.436+0000] {processor.py:183} INFO - Processing /opt/airflow/dags/base_dag.py took 2.631 seconds
[2024-11-18T23:34:39.235+0000] {processor.py:161} INFO - Started process (PID=119) to work on /opt/airflow/dags/base_dag.py
[2024-11-18T23:34:39.242+0000] {processor.py:830} INFO - Processing file /opt/airflow/dags/base_dag.py for tasks to queue
[2024-11-18T23:34:39.249+0000] {logging_mixin.py:188} INFO - [2024-11-18T23:34:39.248+0000] {dagbag.py:540} INFO - Filling up the DagBag from /opt/airflow/dags/base_dag.py
[2024-11-18T23:34:39.388+0000] {processor.py:840} INFO - DAG(s) 'base_dag' retrieved from /opt/airflow/dags/base_dag.py
[2024-11-18T23:34:39.559+0000] {logging_mixin.py:188} INFO - [2024-11-18T23:34:39.558+0000] {dag.py:3047} INFO - Sync 1 DAGs
[2024-11-18T23:34:39.741+0000] {logging_mixin.py:188} INFO - [2024-11-18T23:34:39.740+0000] {dag.py:3834} INFO - Setting next_dagrun for base_dag to None, run_after=None
[2024-11-18T23:34:39.816+0000] {processor.py:183} INFO - Processing /opt/airflow/dags/base_dag.py took 0.593 seconds
[2024-11-18T23:35:10.200+0000] {processor.py:161} INFO - Started process (PID=127) to work on /opt/airflow/dags/base_dag.py
[2024-11-18T23:35:10.202+0000] {processor.py:830} INFO - Processing file /opt/airflow/dags/base_dag.py for tasks to queue
[2024-11-18T23:35:10.206+0000] {logging_mixin.py:188} INFO - [2024-11-18T23:35:10.205+0000] {dagbag.py:540} INFO - Filling up the DagBag from /opt/airflow/dags/base_dag.py
[2024-11-18T23:35:10.256+0000] {processor.py:840} INFO - DAG(s) 'base_dag' retrieved from /opt/airflow/dags/base_dag.py
[2024-11-18T23:35:10.322+0000] {logging_mixin.py:188} INFO - [2024-11-18T23:35:10.321+0000] {dag.py:3047} INFO - Sync 1 DAGs
[2024-11-18T23:35:10.375+0000] {logging_mixin.py:188} INFO - [2024-11-18T23:35:10.374+0000] {dag.py:3834} INFO - Setting next_dagrun for base_dag to None, run_after=None
[2024-11-18T23:35:10.426+0000] {processor.py:183} INFO - Processing /opt/airflow/dags/base_dag.py took 0.233 seconds
[2024-11-18T23:35:41.053+0000] {processor.py:161} INFO - Started process (PID=136) to work on /opt/airflow/dags/base_dag.py
[2024-11-18T23:35:41.065+0000] {processor.py:830} INFO - Processing file /opt/airflow/dags/base_dag.py for tasks to queue
[2024-11-18T23:35:41.078+0000] {logging_mixin.py:188} INFO - [2024-11-18T23:35:41.077+0000] {dagbag.py:540} INFO - Filling up the DagBag from /opt/airflow/dags/base_dag.py
[2024-11-18T23:35:43.951+0000] {processor.py:840} INFO - DAG(s) 'base_dag' retrieved from /opt/airflow/dags/base_dag.py
[2024-11-18T23:35:44.058+0000] {logging_mixin.py:188} INFO - [2024-11-18T23:35:44.057+0000] {dag.py:3047} INFO - Sync 1 DAGs
[2024-11-18T23:35:44.131+0000] {logging_mixin.py:188} INFO - [2024-11-18T23:35:44.130+0000] {dag.py:3834} INFO - Setting next_dagrun for base_dag to None, run_after=None
[2024-11-18T23:35:44.188+0000] {processor.py:183} INFO - Processing /opt/airflow/dags/base_dag.py took 3.191 seconds
[2024-11-18T23:36:14.550+0000] {processor.py:161} INFO - Started process (PID=144) to work on /opt/airflow/dags/base_dag.py
[2024-11-18T23:36:14.553+0000] {processor.py:830} INFO - Processing file /opt/airflow/dags/base_dag.py for tasks to queue
[2024-11-18T23:36:14.563+0000] {logging_mixin.py:188} INFO - [2024-11-18T23:36:14.562+0000] {dagbag.py:540} INFO - Filling up the DagBag from /opt/airflow/dags/base_dag.py
[2024-11-18T23:36:14.627+0000] {processor.py:840} INFO - DAG(s) 'base_dag' retrieved from /opt/airflow/dags/base_dag.py
[2024-11-18T23:36:14.706+0000] {logging_mixin.py:188} INFO - [2024-11-18T23:36:14.706+0000] {dag.py:3047} INFO - Sync 1 DAGs
[2024-11-18T23:36:14.769+0000] {logging_mixin.py:188} INFO - [2024-11-18T23:36:14.769+0000] {dag.py:3834} INFO - Setting next_dagrun for base_dag to None, run_after=None
[2024-11-18T23:36:14.831+0000] {processor.py:183} INFO - Processing /opt/airflow/dags/base_dag.py took 0.293 seconds
[2024-11-18T23:36:45.174+0000] {processor.py:161} INFO - Started process (PID=153) to work on /opt/airflow/dags/base_dag.py
[2024-11-18T23:36:45.176+0000] {processor.py:830} INFO - Processing file /opt/airflow/dags/base_dag.py for tasks to queue
[2024-11-18T23:36:45.180+0000] {logging_mixin.py:188} INFO - [2024-11-18T23:36:45.179+0000] {dagbag.py:540} INFO - Filling up the DagBag from /opt/airflow/dags/base_dag.py
[2024-11-18T23:36:45.205+0000] {processor.py:840} INFO - DAG(s) 'base_dag' retrieved from /opt/airflow/dags/base_dag.py
[2024-11-18T23:36:45.248+0000] {logging_mixin.py:188} INFO - [2024-11-18T23:36:45.248+0000] {dag.py:3047} INFO - Sync 1 DAGs
[2024-11-18T23:36:45.284+0000] {logging_mixin.py:188} INFO - [2024-11-18T23:36:45.283+0000] {dag.py:3834} INFO - Setting next_dagrun for base_dag to None, run_after=None
[2024-11-18T23:36:45.318+0000] {processor.py:183} INFO - Processing /opt/airflow/dags/base_dag.py took 0.152 seconds
[2024-11-18T23:37:15.620+0000] {processor.py:161} INFO - Started process (PID=161) to work on /opt/airflow/dags/base_dag.py
[2024-11-18T23:37:15.622+0000] {processor.py:830} INFO - Processing file /opt/airflow/dags/base_dag.py for tasks to queue
[2024-11-18T23:37:15.625+0000] {logging_mixin.py:188} INFO - [2024-11-18T23:37:15.624+0000] {dagbag.py:540} INFO - Filling up the DagBag from /opt/airflow/dags/base_dag.py
[2024-11-18T23:37:15.656+0000] {processor.py:840} INFO - DAG(s) 'base_dag' retrieved from /opt/airflow/dags/base_dag.py
[2024-11-18T23:37:15.698+0000] {logging_mixin.py:188} INFO - [2024-11-18T23:37:15.697+0000] {dag.py:3047} INFO - Sync 1 DAGs
[2024-11-18T23:37:15.732+0000] {logging_mixin.py:188} INFO - [2024-11-18T23:37:15.732+0000] {dag.py:3834} INFO - Setting next_dagrun for base_dag to None, run_after=None
[2024-11-18T23:37:15.771+0000] {processor.py:183} INFO - Processing /opt/airflow/dags/base_dag.py took 0.157 seconds
[2024-11-18T23:37:46.074+0000] {processor.py:161} INFO - Started process (PID=169) to work on /opt/airflow/dags/base_dag.py
[2024-11-18T23:37:46.075+0000] {processor.py:830} INFO - Processing file /opt/airflow/dags/base_dag.py for tasks to queue
[2024-11-18T23:37:46.078+0000] {logging_mixin.py:188} INFO - [2024-11-18T23:37:46.078+0000] {dagbag.py:540} INFO - Filling up the DagBag from /opt/airflow/dags/base_dag.py
[2024-11-18T23:37:46.103+0000] {processor.py:840} INFO - DAG(s) 'base_dag' retrieved from /opt/airflow/dags/base_dag.py
[2024-11-18T23:37:46.143+0000] {logging_mixin.py:188} INFO - [2024-11-18T23:37:46.143+0000] {dag.py:3047} INFO - Sync 1 DAGs
[2024-11-18T23:37:46.182+0000] {logging_mixin.py:188} INFO - [2024-11-18T23:37:46.181+0000] {dag.py:3834} INFO - Setting next_dagrun for base_dag to None, run_after=None
[2024-11-18T23:37:46.217+0000] {processor.py:183} INFO - Processing /opt/airflow/dags/base_dag.py took 0.149 seconds
[2024-11-18T23:38:16.517+0000] {processor.py:161} INFO - Started process (PID=177) to work on /opt/airflow/dags/base_dag.py
[2024-11-18T23:38:16.518+0000] {processor.py:830} INFO - Processing file /opt/airflow/dags/base_dag.py for tasks to queue
[2024-11-18T23:38:16.522+0000] {logging_mixin.py:188} INFO - [2024-11-18T23:38:16.521+0000] {dagbag.py:540} INFO - Filling up the DagBag from /opt/airflow/dags/base_dag.py
[2024-11-18T23:38:16.551+0000] {processor.py:840} INFO - DAG(s) 'base_dag' retrieved from /opt/airflow/dags/base_dag.py
[2024-11-18T23:38:16.591+0000] {logging_mixin.py:188} INFO - [2024-11-18T23:38:16.590+0000] {dag.py:3047} INFO - Sync 1 DAGs
[2024-11-18T23:38:16.627+0000] {logging_mixin.py:188} INFO - [2024-11-18T23:38:16.627+0000] {dag.py:3834} INFO - Setting next_dagrun for base_dag to None, run_after=None
[2024-11-18T23:38:16.663+0000] {processor.py:183} INFO - Processing /opt/airflow/dags/base_dag.py took 0.153 seconds
[2024-11-18T23:38:47.076+0000] {processor.py:161} INFO - Started process (PID=185) to work on /opt/airflow/dags/base_dag.py
[2024-11-18T23:38:47.078+0000] {processor.py:830} INFO - Processing file /opt/airflow/dags/base_dag.py for tasks to queue
[2024-11-18T23:38:47.081+0000] {logging_mixin.py:188} INFO - [2024-11-18T23:38:47.080+0000] {dagbag.py:540} INFO - Filling up the DagBag from /opt/airflow/dags/base_dag.py
[2024-11-18T23:38:47.116+0000] {processor.py:840} INFO - DAG(s) 'base_dag' retrieved from /opt/airflow/dags/base_dag.py
[2024-11-18T23:38:47.167+0000] {logging_mixin.py:188} INFO - [2024-11-18T23:38:47.166+0000] {dag.py:3047} INFO - Sync 1 DAGs
[2024-11-18T23:38:47.209+0000] {logging_mixin.py:188} INFO - [2024-11-18T23:38:47.209+0000] {dag.py:3834} INFO - Setting next_dagrun for base_dag to None, run_after=None
[2024-11-18T23:38:47.248+0000] {processor.py:183} INFO - Processing /opt/airflow/dags/base_dag.py took 0.176 seconds
[2024-11-18T23:39:17.584+0000] {processor.py:161} INFO - Started process (PID=193) to work on /opt/airflow/dags/base_dag.py
[2024-11-18T23:39:17.586+0000] {processor.py:830} INFO - Processing file /opt/airflow/dags/base_dag.py for tasks to queue
[2024-11-18T23:39:17.588+0000] {logging_mixin.py:188} INFO - [2024-11-18T23:39:17.588+0000] {dagbag.py:540} INFO - Filling up the DagBag from /opt/airflow/dags/base_dag.py
[2024-11-18T23:39:17.622+0000] {processor.py:840} INFO - DAG(s) 'base_dag' retrieved from /opt/airflow/dags/base_dag.py
[2024-11-18T23:39:17.664+0000] {logging_mixin.py:188} INFO - [2024-11-18T23:39:17.663+0000] {dag.py:3047} INFO - Sync 1 DAGs
[2024-11-18T23:39:17.698+0000] {logging_mixin.py:188} INFO - [2024-11-18T23:39:17.698+0000] {dag.py:3834} INFO - Setting next_dagrun for base_dag to None, run_after=None
[2024-11-18T23:39:17.729+0000] {processor.py:183} INFO - Processing /opt/airflow/dags/base_dag.py took 0.149 seconds
[2024-11-18T23:39:48.063+0000] {processor.py:161} INFO - Started process (PID=201) to work on /opt/airflow/dags/base_dag.py
[2024-11-18T23:39:48.065+0000] {processor.py:830} INFO - Processing file /opt/airflow/dags/base_dag.py for tasks to queue
[2024-11-18T23:39:48.069+0000] {logging_mixin.py:188} INFO - [2024-11-18T23:39:48.068+0000] {dagbag.py:540} INFO - Filling up the DagBag from /opt/airflow/dags/base_dag.py
[2024-11-18T23:39:48.098+0000] {processor.py:840} INFO - DAG(s) 'base_dag' retrieved from /opt/airflow/dags/base_dag.py
[2024-11-18T23:39:48.140+0000] {logging_mixin.py:188} INFO - [2024-11-18T23:39:48.140+0000] {dag.py:3047} INFO - Sync 1 DAGs
[2024-11-18T23:39:48.175+0000] {logging_mixin.py:188} INFO - [2024-11-18T23:39:48.175+0000] {dag.py:3834} INFO - Setting next_dagrun for base_dag to None, run_after=None
[2024-11-18T23:39:48.209+0000] {processor.py:183} INFO - Processing /opt/airflow/dags/base_dag.py took 0.151 seconds
[2024-11-18T23:40:18.600+0000] {processor.py:161} INFO - Started process (PID=209) to work on /opt/airflow/dags/base_dag.py
[2024-11-18T23:40:18.602+0000] {processor.py:830} INFO - Processing file /opt/airflow/dags/base_dag.py for tasks to queue
[2024-11-18T23:40:18.608+0000] {logging_mixin.py:188} INFO - [2024-11-18T23:40:18.607+0000] {dagbag.py:540} INFO - Filling up the DagBag from /opt/airflow/dags/base_dag.py
[2024-11-18T23:40:18.649+0000] {processor.py:840} INFO - DAG(s) 'base_dag' retrieved from /opt/airflow/dags/base_dag.py
[2024-11-18T23:40:18.722+0000] {logging_mixin.py:188} INFO - [2024-11-18T23:40:18.721+0000] {dag.py:3047} INFO - Sync 1 DAGs
[2024-11-18T23:40:18.782+0000] {logging_mixin.py:188} INFO - [2024-11-18T23:40:18.781+0000] {dag.py:3834} INFO - Setting next_dagrun for base_dag to None, run_after=None
[2024-11-18T23:40:18.841+0000] {processor.py:183} INFO - Processing /opt/airflow/dags/base_dag.py took 0.251 seconds
[2024-11-18T23:40:49.141+0000] {processor.py:161} INFO - Started process (PID=217) to work on /opt/airflow/dags/base_dag.py
[2024-11-18T23:40:49.144+0000] {processor.py:830} INFO - Processing file /opt/airflow/dags/base_dag.py for tasks to queue
[2024-11-18T23:40:49.147+0000] {logging_mixin.py:188} INFO - [2024-11-18T23:40:49.146+0000] {dagbag.py:540} INFO - Filling up the DagBag from /opt/airflow/dags/base_dag.py
[2024-11-18T23:40:49.175+0000] {processor.py:840} INFO - DAG(s) 'base_dag' retrieved from /opt/airflow/dags/base_dag.py
[2024-11-18T23:40:49.214+0000] {logging_mixin.py:188} INFO - [2024-11-18T23:40:49.213+0000] {dag.py:3047} INFO - Sync 1 DAGs
[2024-11-18T23:40:49.249+0000] {logging_mixin.py:188} INFO - [2024-11-18T23:40:49.249+0000] {dag.py:3834} INFO - Setting next_dagrun for base_dag to None, run_after=None
[2024-11-18T23:40:49.282+0000] {processor.py:183} INFO - Processing /opt/airflow/dags/base_dag.py took 0.145 seconds
[2024-11-18T23:41:19.570+0000] {processor.py:161} INFO - Started process (PID=225) to work on /opt/airflow/dags/base_dag.py
[2024-11-18T23:41:19.572+0000] {processor.py:830} INFO - Processing file /opt/airflow/dags/base_dag.py for tasks to queue
[2024-11-18T23:41:19.575+0000] {logging_mixin.py:188} INFO - [2024-11-18T23:41:19.574+0000] {dagbag.py:540} INFO - Filling up the DagBag from /opt/airflow/dags/base_dag.py
[2024-11-18T23:41:19.599+0000] {processor.py:840} INFO - DAG(s) 'base_dag' retrieved from /opt/airflow/dags/base_dag.py
[2024-11-18T23:41:19.640+0000] {logging_mixin.py:188} INFO - [2024-11-18T23:41:19.640+0000] {dag.py:3047} INFO - Sync 1 DAGs
[2024-11-18T23:41:19.679+0000] {logging_mixin.py:188} INFO - [2024-11-18T23:41:19.678+0000] {dag.py:3834} INFO - Setting next_dagrun for base_dag to None, run_after=None
[2024-11-18T23:41:19.713+0000] {processor.py:183} INFO - Processing /opt/airflow/dags/base_dag.py took 0.148 seconds
[2024-11-18T23:41:50.021+0000] {processor.py:161} INFO - Started process (PID=233) to work on /opt/airflow/dags/base_dag.py
[2024-11-18T23:41:50.023+0000] {processor.py:830} INFO - Processing file /opt/airflow/dags/base_dag.py for tasks to queue
[2024-11-18T23:41:50.029+0000] {logging_mixin.py:188} INFO - [2024-11-18T23:41:50.028+0000] {dagbag.py:540} INFO - Filling up the DagBag from /opt/airflow/dags/base_dag.py
[2024-11-18T23:41:50.070+0000] {processor.py:840} INFO - DAG(s) 'base_dag' retrieved from /opt/airflow/dags/base_dag.py
[2024-11-18T23:41:50.120+0000] {logging_mixin.py:188} INFO - [2024-11-18T23:41:50.119+0000] {dag.py:3047} INFO - Sync 1 DAGs
[2024-11-18T23:41:50.162+0000] {logging_mixin.py:188} INFO - [2024-11-18T23:41:50.162+0000] {dag.py:3834} INFO - Setting next_dagrun for base_dag to None, run_after=None
[2024-11-18T23:41:50.199+0000] {processor.py:183} INFO - Processing /opt/airflow/dags/base_dag.py took 0.184 seconds
[2024-11-18T23:42:20.506+0000] {processor.py:161} INFO - Started process (PID=241) to work on /opt/airflow/dags/base_dag.py
[2024-11-18T23:42:20.508+0000] {processor.py:830} INFO - Processing file /opt/airflow/dags/base_dag.py for tasks to queue
[2024-11-18T23:42:20.510+0000] {logging_mixin.py:188} INFO - [2024-11-18T23:42:20.510+0000] {dagbag.py:540} INFO - Filling up the DagBag from /opt/airflow/dags/base_dag.py
[2024-11-18T23:42:20.540+0000] {processor.py:840} INFO - DAG(s) 'base_dag' retrieved from /opt/airflow/dags/base_dag.py
[2024-11-18T23:42:20.589+0000] {logging_mixin.py:188} INFO - [2024-11-18T23:42:20.589+0000] {dag.py:3047} INFO - Sync 1 DAGs
[2024-11-18T23:42:20.628+0000] {logging_mixin.py:188} INFO - [2024-11-18T23:42:20.627+0000] {dag.py:3834} INFO - Setting next_dagrun for base_dag to None, run_after=None
[2024-11-18T23:42:20.677+0000] {processor.py:183} INFO - Processing /opt/airflow/dags/base_dag.py took 0.176 seconds
[2024-11-18T23:42:50.997+0000] {processor.py:161} INFO - Started process (PID=249) to work on /opt/airflow/dags/base_dag.py
[2024-11-18T23:42:50.999+0000] {processor.py:830} INFO - Processing file /opt/airflow/dags/base_dag.py for tasks to queue
[2024-11-18T23:42:51.002+0000] {logging_mixin.py:188} INFO - [2024-11-18T23:42:51.002+0000] {dagbag.py:540} INFO - Filling up the DagBag from /opt/airflow/dags/base_dag.py
[2024-11-18T23:42:51.032+0000] {processor.py:840} INFO - DAG(s) 'base_dag' retrieved from /opt/airflow/dags/base_dag.py
[2024-11-18T23:42:51.087+0000] {logging_mixin.py:188} INFO - [2024-11-18T23:42:51.087+0000] {dag.py:3047} INFO - Sync 1 DAGs
[2024-11-18T23:42:51.132+0000] {logging_mixin.py:188} INFO - [2024-11-18T23:42:51.131+0000] {dag.py:3834} INFO - Setting next_dagrun for base_dag to None, run_after=None
[2024-11-18T23:42:51.170+0000] {processor.py:183} INFO - Processing /opt/airflow/dags/base_dag.py took 0.177 seconds
[2024-11-18T23:43:21.507+0000] {processor.py:161} INFO - Started process (PID=257) to work on /opt/airflow/dags/base_dag.py
[2024-11-18T23:43:21.509+0000] {processor.py:830} INFO - Processing file /opt/airflow/dags/base_dag.py for tasks to queue
[2024-11-18T23:43:21.512+0000] {logging_mixin.py:188} INFO - [2024-11-18T23:43:21.512+0000] {dagbag.py:540} INFO - Filling up the DagBag from /opt/airflow/dags/base_dag.py
[2024-11-18T23:43:21.547+0000] {processor.py:840} INFO - DAG(s) 'base_dag' retrieved from /opt/airflow/dags/base_dag.py
[2024-11-18T23:43:21.604+0000] {logging_mixin.py:188} INFO - [2024-11-18T23:43:21.604+0000] {dag.py:3047} INFO - Sync 1 DAGs
[2024-11-18T23:43:21.648+0000] {logging_mixin.py:188} INFO - [2024-11-18T23:43:21.647+0000] {dag.py:3834} INFO - Setting next_dagrun for base_dag to None, run_after=None
[2024-11-18T23:43:21.686+0000] {processor.py:183} INFO - Processing /opt/airflow/dags/base_dag.py took 0.186 seconds
[2024-11-18T23:43:52.171+0000] {processor.py:161} INFO - Started process (PID=266) to work on /opt/airflow/dags/base_dag.py
[2024-11-18T23:43:52.172+0000] {processor.py:830} INFO - Processing file /opt/airflow/dags/base_dag.py for tasks to queue
[2024-11-18T23:43:52.176+0000] {logging_mixin.py:188} INFO - [2024-11-18T23:43:52.175+0000] {dagbag.py:540} INFO - Filling up the DagBag from /opt/airflow/dags/base_dag.py
[2024-11-18T23:43:52.209+0000] {processor.py:840} INFO - DAG(s) 'base_dag' retrieved from /opt/airflow/dags/base_dag.py
[2024-11-18T23:43:52.249+0000] {logging_mixin.py:188} INFO - [2024-11-18T23:43:52.248+0000] {dag.py:3047} INFO - Sync 1 DAGs
[2024-11-18T23:43:52.285+0000] {logging_mixin.py:188} INFO - [2024-11-18T23:43:52.285+0000] {dag.py:3834} INFO - Setting next_dagrun for base_dag to None, run_after=None
[2024-11-18T23:43:52.321+0000] {processor.py:183} INFO - Processing /opt/airflow/dags/base_dag.py took 0.155 seconds
[2024-11-18T23:44:22.697+0000] {processor.py:161} INFO - Started process (PID=276) to work on /opt/airflow/dags/base_dag.py
[2024-11-18T23:44:22.699+0000] {processor.py:830} INFO - Processing file /opt/airflow/dags/base_dag.py for tasks to queue
[2024-11-18T23:44:22.703+0000] {logging_mixin.py:188} INFO - [2024-11-18T23:44:22.702+0000] {dagbag.py:540} INFO - Filling up the DagBag from /opt/airflow/dags/base_dag.py
[2024-11-18T23:44:22.756+0000] {processor.py:840} INFO - DAG(s) 'base_dag' retrieved from /opt/airflow/dags/base_dag.py
[2024-11-18T23:44:22.817+0000] {logging_mixin.py:188} INFO - [2024-11-18T23:44:22.816+0000] {dag.py:3047} INFO - Sync 1 DAGs
[2024-11-18T23:44:22.859+0000] {logging_mixin.py:188} INFO - [2024-11-18T23:44:22.858+0000] {dag.py:3834} INFO - Setting next_dagrun for base_dag to None, run_after=None
[2024-11-18T23:44:22.909+0000] {processor.py:183} INFO - Processing /opt/airflow/dags/base_dag.py took 0.219 seconds
[2024-11-18T23:44:53.325+0000] {processor.py:161} INFO - Started process (PID=285) to work on /opt/airflow/dags/base_dag.py
[2024-11-18T23:44:53.327+0000] {processor.py:830} INFO - Processing file /opt/airflow/dags/base_dag.py for tasks to queue
[2024-11-18T23:44:53.331+0000] {logging_mixin.py:188} INFO - [2024-11-18T23:44:53.330+0000] {dagbag.py:540} INFO - Filling up the DagBag from /opt/airflow/dags/base_dag.py
[2024-11-18T23:44:53.368+0000] {processor.py:840} INFO - DAG(s) 'base_dag' retrieved from /opt/airflow/dags/base_dag.py
[2024-11-18T23:44:53.505+0000] {logging_mixin.py:188} INFO - [2024-11-18T23:44:53.504+0000] {dag.py:3047} INFO - Sync 1 DAGs
[2024-11-18T23:44:53.588+0000] {logging_mixin.py:188} INFO - [2024-11-18T23:44:53.587+0000] {dag.py:3834} INFO - Setting next_dagrun for base_dag to None, run_after=None
[2024-11-18T23:44:53.660+0000] {processor.py:183} INFO - Processing /opt/airflow/dags/base_dag.py took 0.341 seconds
[2024-11-18T23:45:24.369+0000] {processor.py:161} INFO - Started process (PID=294) to work on /opt/airflow/dags/base_dag.py
[2024-11-18T23:45:24.371+0000] {processor.py:830} INFO - Processing file /opt/airflow/dags/base_dag.py for tasks to queue
[2024-11-18T23:45:24.374+0000] {logging_mixin.py:188} INFO - [2024-11-18T23:45:24.373+0000] {dagbag.py:540} INFO - Filling up the DagBag from /opt/airflow/dags/base_dag.py
[2024-11-18T23:45:24.402+0000] {processor.py:840} INFO - DAG(s) 'base_dag' retrieved from /opt/airflow/dags/base_dag.py
[2024-11-18T23:45:24.443+0000] {logging_mixin.py:188} INFO - [2024-11-18T23:45:24.442+0000] {dag.py:3047} INFO - Sync 1 DAGs
[2024-11-18T23:45:24.481+0000] {logging_mixin.py:188} INFO - [2024-11-18T23:45:24.479+0000] {dag.py:3834} INFO - Setting next_dagrun for base_dag to None, run_after=None
[2024-11-18T23:45:24.516+0000] {processor.py:183} INFO - Processing /opt/airflow/dags/base_dag.py took 0.152 seconds
[2024-11-18T23:45:54.875+0000] {processor.py:161} INFO - Started process (PID=303) to work on /opt/airflow/dags/base_dag.py
[2024-11-18T23:45:54.877+0000] {processor.py:830} INFO - Processing file /opt/airflow/dags/base_dag.py for tasks to queue
[2024-11-18T23:45:54.881+0000] {logging_mixin.py:188} INFO - [2024-11-18T23:45:54.880+0000] {dagbag.py:540} INFO - Filling up the DagBag from /opt/airflow/dags/base_dag.py
[2024-11-18T23:45:54.909+0000] {processor.py:840} INFO - DAG(s) 'base_dag' retrieved from /opt/airflow/dags/base_dag.py
[2024-11-18T23:45:54.947+0000] {logging_mixin.py:188} INFO - [2024-11-18T23:45:54.947+0000] {dag.py:3047} INFO - Sync 1 DAGs
[2024-11-18T23:45:54.984+0000] {logging_mixin.py:188} INFO - [2024-11-18T23:45:54.983+0000] {dag.py:3834} INFO - Setting next_dagrun for base_dag to None, run_after=None
[2024-11-18T23:45:55.018+0000] {processor.py:183} INFO - Processing /opt/airflow/dags/base_dag.py took 0.148 seconds
[2024-11-18T23:46:25.360+0000] {processor.py:161} INFO - Started process (PID=312) to work on /opt/airflow/dags/base_dag.py
[2024-11-18T23:46:25.362+0000] {processor.py:830} INFO - Processing file /opt/airflow/dags/base_dag.py for tasks to queue
[2024-11-18T23:46:25.366+0000] {logging_mixin.py:188} INFO - [2024-11-18T23:46:25.365+0000] {dagbag.py:540} INFO - Filling up the DagBag from /opt/airflow/dags/base_dag.py
[2024-11-18T23:46:25.393+0000] {processor.py:840} INFO - DAG(s) 'base_dag' retrieved from /opt/airflow/dags/base_dag.py
[2024-11-18T23:46:25.436+0000] {logging_mixin.py:188} INFO - [2024-11-18T23:46:25.435+0000] {dag.py:3047} INFO - Sync 1 DAGs
[2024-11-18T23:46:25.482+0000] {logging_mixin.py:188} INFO - [2024-11-18T23:46:25.482+0000] {dag.py:3834} INFO - Setting next_dagrun for base_dag to None, run_after=None
[2024-11-18T23:46:25.531+0000] {processor.py:183} INFO - Processing /opt/airflow/dags/base_dag.py took 0.175 seconds
[2024-11-18T23:46:56.056+0000] {processor.py:161} INFO - Started process (PID=321) to work on /opt/airflow/dags/base_dag.py
[2024-11-18T23:46:56.057+0000] {processor.py:830} INFO - Processing file /opt/airflow/dags/base_dag.py for tasks to queue
[2024-11-18T23:46:56.060+0000] {logging_mixin.py:188} INFO - [2024-11-18T23:46:56.060+0000] {dagbag.py:540} INFO - Filling up the DagBag from /opt/airflow/dags/base_dag.py
[2024-11-18T23:46:56.087+0000] {processor.py:840} INFO - DAG(s) 'base_dag' retrieved from /opt/airflow/dags/base_dag.py
[2024-11-18T23:46:56.129+0000] {logging_mixin.py:188} INFO - [2024-11-18T23:46:56.128+0000] {dag.py:3047} INFO - Sync 1 DAGs
[2024-11-18T23:46:56.163+0000] {logging_mixin.py:188} INFO - [2024-11-18T23:46:56.162+0000] {dag.py:3834} INFO - Setting next_dagrun for base_dag to None, run_after=None
[2024-11-18T23:46:56.204+0000] {processor.py:183} INFO - Processing /opt/airflow/dags/base_dag.py took 0.153 seconds
[2024-11-18T23:47:26.575+0000] {processor.py:161} INFO - Started process (PID=330) to work on /opt/airflow/dags/base_dag.py
[2024-11-18T23:47:26.577+0000] {processor.py:830} INFO - Processing file /opt/airflow/dags/base_dag.py for tasks to queue
[2024-11-18T23:47:26.581+0000] {logging_mixin.py:188} INFO - [2024-11-18T23:47:26.580+0000] {dagbag.py:540} INFO - Filling up the DagBag from /opt/airflow/dags/base_dag.py
[2024-11-18T23:47:26.615+0000] {processor.py:840} INFO - DAG(s) 'base_dag' retrieved from /opt/airflow/dags/base_dag.py
[2024-11-18T23:47:26.673+0000] {logging_mixin.py:188} INFO - [2024-11-18T23:47:26.672+0000] {dag.py:3047} INFO - Sync 1 DAGs
[2024-11-18T23:47:26.717+0000] {logging_mixin.py:188} INFO - [2024-11-18T23:47:26.717+0000] {dag.py:3834} INFO - Setting next_dagrun for base_dag to None, run_after=None
[2024-11-18T23:47:26.755+0000] {processor.py:183} INFO - Processing /opt/airflow/dags/base_dag.py took 0.188 seconds
[2024-11-18T23:47:57.171+0000] {processor.py:161} INFO - Started process (PID=339) to work on /opt/airflow/dags/base_dag.py
[2024-11-18T23:47:57.173+0000] {processor.py:830} INFO - Processing file /opt/airflow/dags/base_dag.py for tasks to queue
[2024-11-18T23:47:57.176+0000] {logging_mixin.py:188} INFO - [2024-11-18T23:47:57.176+0000] {dagbag.py:540} INFO - Filling up the DagBag from /opt/airflow/dags/base_dag.py
[2024-11-18T23:47:57.205+0000] {processor.py:840} INFO - DAG(s) 'base_dag' retrieved from /opt/airflow/dags/base_dag.py
[2024-11-18T23:47:57.252+0000] {logging_mixin.py:188} INFO - [2024-11-18T23:47:57.252+0000] {dag.py:3047} INFO - Sync 1 DAGs
[2024-11-18T23:47:57.297+0000] {logging_mixin.py:188} INFO - [2024-11-18T23:47:57.296+0000] {dag.py:3834} INFO - Setting next_dagrun for base_dag to None, run_after=None
[2024-11-18T23:47:57.335+0000] {processor.py:183} INFO - Processing /opt/airflow/dags/base_dag.py took 0.171 seconds
[2024-11-18T23:48:27.708+0000] {processor.py:161} INFO - Started process (PID=348) to work on /opt/airflow/dags/base_dag.py
[2024-11-18T23:48:27.710+0000] {processor.py:830} INFO - Processing file /opt/airflow/dags/base_dag.py for tasks to queue
[2024-11-18T23:48:27.712+0000] {logging_mixin.py:188} INFO - [2024-11-18T23:48:27.712+0000] {dagbag.py:540} INFO - Filling up the DagBag from /opt/airflow/dags/base_dag.py
[2024-11-18T23:48:27.743+0000] {processor.py:840} INFO - DAG(s) 'base_dag' retrieved from /opt/airflow/dags/base_dag.py
[2024-11-18T23:48:27.791+0000] {logging_mixin.py:188} INFO - [2024-11-18T23:48:27.790+0000] {dag.py:3047} INFO - Sync 1 DAGs
[2024-11-18T23:48:27.843+0000] {logging_mixin.py:188} INFO - [2024-11-18T23:48:27.842+0000] {dag.py:3834} INFO - Setting next_dagrun for base_dag to None, run_after=None
[2024-11-18T23:48:27.884+0000] {processor.py:183} INFO - Processing /opt/airflow/dags/base_dag.py took 0.182 seconds
[2024-11-18T23:48:58.132+0000] {processor.py:161} INFO - Started process (PID=357) to work on /opt/airflow/dags/base_dag.py
[2024-11-18T23:48:58.134+0000] {processor.py:830} INFO - Processing file /opt/airflow/dags/base_dag.py for tasks to queue
[2024-11-18T23:48:58.138+0000] {logging_mixin.py:188} INFO - [2024-11-18T23:48:58.137+0000] {dagbag.py:540} INFO - Filling up the DagBag from /opt/airflow/dags/base_dag.py
[2024-11-18T23:48:58.170+0000] {processor.py:840} INFO - DAG(s) 'base_dag' retrieved from /opt/airflow/dags/base_dag.py
[2024-11-18T23:48:58.215+0000] {logging_mixin.py:188} INFO - [2024-11-18T23:48:58.214+0000] {dag.py:3047} INFO - Sync 1 DAGs
[2024-11-18T23:48:58.259+0000] {logging_mixin.py:188} INFO - [2024-11-18T23:48:58.259+0000] {dag.py:3834} INFO - Setting next_dagrun for base_dag to None, run_after=None
[2024-11-18T23:48:58.299+0000] {processor.py:183} INFO - Processing /opt/airflow/dags/base_dag.py took 0.171 seconds
[2024-11-18T23:49:28.748+0000] {processor.py:161} INFO - Started process (PID=366) to work on /opt/airflow/dags/base_dag.py
[2024-11-18T23:49:28.751+0000] {processor.py:830} INFO - Processing file /opt/airflow/dags/base_dag.py for tasks to queue
[2024-11-18T23:49:28.756+0000] {logging_mixin.py:188} INFO - [2024-11-18T23:49:28.755+0000] {dagbag.py:540} INFO - Filling up the DagBag from /opt/airflow/dags/base_dag.py
[2024-11-18T23:49:28.809+0000] {processor.py:840} INFO - DAG(s) 'base_dag' retrieved from /opt/airflow/dags/base_dag.py
[2024-11-18T23:49:28.892+0000] {logging_mixin.py:188} INFO - [2024-11-18T23:49:28.891+0000] {dag.py:3047} INFO - Sync 1 DAGs
[2024-11-18T23:49:28.968+0000] {logging_mixin.py:188} INFO - [2024-11-18T23:49:28.967+0000] {dag.py:3834} INFO - Setting next_dagrun for base_dag to None, run_after=None
[2024-11-18T23:49:29.038+0000] {processor.py:183} INFO - Processing /opt/airflow/dags/base_dag.py took 0.302 seconds
[2024-11-18T23:49:59.943+0000] {processor.py:161} INFO - Started process (PID=375) to work on /opt/airflow/dags/base_dag.py
[2024-11-18T23:49:59.961+0000] {processor.py:830} INFO - Processing file /opt/airflow/dags/base_dag.py for tasks to queue
[2024-11-18T23:49:59.977+0000] {logging_mixin.py:188} INFO - [2024-11-18T23:49:59.975+0000] {dagbag.py:540} INFO - Filling up the DagBag from /opt/airflow/dags/base_dag.py
[2024-11-18T23:50:00.364+0000] {processor.py:840} INFO - DAG(s) 'base_dag' retrieved from /opt/airflow/dags/base_dag.py
[2024-11-18T23:50:01.118+0000] {logging_mixin.py:188} INFO - [2024-11-18T23:50:01.117+0000] {dag.py:3047} INFO - Sync 1 DAGs
[2024-11-18T23:50:01.645+0000] {logging_mixin.py:188} INFO - [2024-11-18T23:50:01.643+0000] {dag.py:3834} INFO - Setting next_dagrun for base_dag to None, run_after=None
[2024-11-18T23:50:01.817+0000] {processor.py:183} INFO - Processing /opt/airflow/dags/base_dag.py took 1.923 seconds
[2024-11-18T23:50:33.126+0000] {processor.py:161} INFO - Started process (PID=386) to work on /opt/airflow/dags/base_dag.py
[2024-11-18T23:50:33.128+0000] {processor.py:830} INFO - Processing file /opt/airflow/dags/base_dag.py for tasks to queue
[2024-11-18T23:50:33.133+0000] {logging_mixin.py:188} INFO - [2024-11-18T23:50:33.132+0000] {dagbag.py:540} INFO - Filling up the DagBag from /opt/airflow/dags/base_dag.py
[2024-11-18T23:50:33.177+0000] {processor.py:840} INFO - DAG(s) 'base_dag' retrieved from /opt/airflow/dags/base_dag.py
[2024-11-18T23:50:33.264+0000] {logging_mixin.py:188} INFO - [2024-11-18T23:50:33.263+0000] {dag.py:3047} INFO - Sync 1 DAGs
[2024-11-18T23:50:33.401+0000] {logging_mixin.py:188} INFO - [2024-11-18T23:50:33.401+0000] {dag.py:3834} INFO - Setting next_dagrun for base_dag to None, run_after=None
[2024-11-18T23:50:33.455+0000] {processor.py:183} INFO - Processing /opt/airflow/dags/base_dag.py took 0.338 seconds
[2024-11-18T23:51:03.879+0000] {processor.py:161} INFO - Started process (PID=401) to work on /opt/airflow/dags/base_dag.py
[2024-11-18T23:51:03.892+0000] {processor.py:830} INFO - Processing file /opt/airflow/dags/base_dag.py for tasks to queue
[2024-11-18T23:51:03.902+0000] {logging_mixin.py:188} INFO - [2024-11-18T23:51:03.900+0000] {dagbag.py:540} INFO - Filling up the DagBag from /opt/airflow/dags/base_dag.py
[2024-11-18T23:51:04.000+0000] {processor.py:840} INFO - DAG(s) 'base_dag' retrieved from /opt/airflow/dags/base_dag.py
[2024-11-18T23:51:04.222+0000] {logging_mixin.py:188} INFO - [2024-11-18T23:51:04.219+0000] {dag.py:3047} INFO - Sync 1 DAGs
[2024-11-18T23:51:04.439+0000] {logging_mixin.py:188} INFO - [2024-11-18T23:51:04.438+0000] {dag.py:3834} INFO - Setting next_dagrun for base_dag to None, run_after=None
[2024-11-18T23:51:04.567+0000] {processor.py:183} INFO - Processing /opt/airflow/dags/base_dag.py took 0.709 seconds
[2024-11-18T23:51:35.437+0000] {processor.py:161} INFO - Started process (PID=411) to work on /opt/airflow/dags/base_dag.py
[2024-11-18T23:51:35.481+0000] {processor.py:830} INFO - Processing file /opt/airflow/dags/base_dag.py for tasks to queue
[2024-11-18T23:51:35.554+0000] {logging_mixin.py:188} INFO - [2024-11-18T23:51:35.548+0000] {dagbag.py:540} INFO - Filling up the DagBag from /opt/airflow/dags/base_dag.py
[2024-11-18T23:51:35.818+0000] {processor.py:840} INFO - DAG(s) 'base_dag' retrieved from /opt/airflow/dags/base_dag.py
[2024-11-18T23:51:36.229+0000] {logging_mixin.py:188} INFO - [2024-11-18T23:51:36.228+0000] {dag.py:3047} INFO - Sync 1 DAGs
[2024-11-18T23:51:36.392+0000] {logging_mixin.py:188} INFO - [2024-11-18T23:51:36.391+0000] {dag.py:3834} INFO - Setting next_dagrun for base_dag to None, run_after=None
[2024-11-18T23:51:36.632+0000] {processor.py:183} INFO - Processing /opt/airflow/dags/base_dag.py took 1.360 seconds
[2024-11-18T23:52:07.199+0000] {processor.py:161} INFO - Started process (PID=421) to work on /opt/airflow/dags/base_dag.py
[2024-11-18T23:52:07.202+0000] {processor.py:830} INFO - Processing file /opt/airflow/dags/base_dag.py for tasks to queue
[2024-11-18T23:52:07.205+0000] {logging_mixin.py:188} INFO - [2024-11-18T23:52:07.205+0000] {dagbag.py:540} INFO - Filling up the DagBag from /opt/airflow/dags/base_dag.py
[2024-11-18T23:52:07.266+0000] {processor.py:840} INFO - DAG(s) 'base_dag' retrieved from /opt/airflow/dags/base_dag.py
[2024-11-18T23:52:07.355+0000] {logging_mixin.py:188} INFO - [2024-11-18T23:52:07.354+0000] {dag.py:3047} INFO - Sync 1 DAGs
[2024-11-18T23:52:07.418+0000] {logging_mixin.py:188} INFO - [2024-11-18T23:52:07.418+0000] {dag.py:3834} INFO - Setting next_dagrun for base_dag to None, run_after=None
[2024-11-18T23:52:07.472+0000] {processor.py:183} INFO - Processing /opt/airflow/dags/base_dag.py took 0.280 seconds
[2024-11-18T23:52:37.918+0000] {processor.py:161} INFO - Started process (PID=430) to work on /opt/airflow/dags/base_dag.py
[2024-11-18T23:52:37.921+0000] {processor.py:830} INFO - Processing file /opt/airflow/dags/base_dag.py for tasks to queue
[2024-11-18T23:52:37.929+0000] {logging_mixin.py:188} INFO - [2024-11-18T23:52:37.927+0000] {dagbag.py:540} INFO - Filling up the DagBag from /opt/airflow/dags/base_dag.py
[2024-11-18T23:52:37.980+0000] {processor.py:840} INFO - DAG(s) 'base_dag' retrieved from /opt/airflow/dags/base_dag.py
[2024-11-18T23:52:38.057+0000] {logging_mixin.py:188} INFO - [2024-11-18T23:52:38.057+0000] {dag.py:3047} INFO - Sync 1 DAGs
[2024-11-18T23:52:38.121+0000] {logging_mixin.py:188} INFO - [2024-11-18T23:52:38.120+0000] {dag.py:3834} INFO - Setting next_dagrun for base_dag to None, run_after=None
[2024-11-18T23:52:38.175+0000] {processor.py:183} INFO - Processing /opt/airflow/dags/base_dag.py took 0.268 seconds
[2024-11-18T23:53:08.705+0000] {processor.py:161} INFO - Started process (PID=439) to work on /opt/airflow/dags/base_dag.py
[2024-11-18T23:53:08.714+0000] {processor.py:830} INFO - Processing file /opt/airflow/dags/base_dag.py for tasks to queue
[2024-11-18T23:53:08.721+0000] {logging_mixin.py:188} INFO - [2024-11-18T23:53:08.720+0000] {dagbag.py:540} INFO - Filling up the DagBag from /opt/airflow/dags/base_dag.py
[2024-11-18T23:53:08.795+0000] {processor.py:840} INFO - DAG(s) 'base_dag' retrieved from /opt/airflow/dags/base_dag.py
[2024-11-18T23:53:08.931+0000] {logging_mixin.py:188} INFO - [2024-11-18T23:53:08.930+0000] {dag.py:3047} INFO - Sync 1 DAGs
[2024-11-18T23:53:09.053+0000] {logging_mixin.py:188} INFO - [2024-11-18T23:53:09.052+0000] {dag.py:3834} INFO - Setting next_dagrun for base_dag to None, run_after=None
[2024-11-18T23:53:09.126+0000] {processor.py:183} INFO - Processing /opt/airflow/dags/base_dag.py took 0.439 seconds
[2024-11-18T23:53:51.197+0000] {processor.py:161} INFO - Started process (PID=443) to work on /opt/airflow/dags/base_dag.py
[2024-11-18T23:53:51.204+0000] {processor.py:830} INFO - Processing file /opt/airflow/dags/base_dag.py for tasks to queue
[2024-11-18T23:53:51.223+0000] {logging_mixin.py:188} INFO - [2024-11-18T23:53:51.219+0000] {dagbag.py:540} INFO - Filling up the DagBag from /opt/airflow/dags/base_dag.py
[2024-11-18T23:53:51.438+0000] {processor.py:840} INFO - DAG(s) 'base_dag' retrieved from /opt/airflow/dags/base_dag.py
[2024-11-18T23:53:52.386+0000] {logging_mixin.py:188} INFO - [2024-11-18T23:53:52.362+0000] {dag.py:3047} INFO - Sync 1 DAGs
[2024-11-18T23:53:52.761+0000] {logging_mixin.py:188} INFO - [2024-11-18T23:53:52.755+0000] {dag.py:3834} INFO - Setting next_dagrun for base_dag to None, run_after=None
[2024-11-18T23:53:52.970+0000] {processor.py:183} INFO - Processing /opt/airflow/dags/base_dag.py took 1.802 seconds
[2024-11-18T23:54:23.157+0000] {processor.py:161} INFO - Started process (PID=451) to work on /opt/airflow/dags/base_dag.py
[2024-11-18T23:54:23.160+0000] {processor.py:830} INFO - Processing file /opt/airflow/dags/base_dag.py for tasks to queue
[2024-11-18T23:54:23.166+0000] {logging_mixin.py:188} INFO - [2024-11-18T23:54:23.165+0000] {dagbag.py:540} INFO - Filling up the DagBag from /opt/airflow/dags/base_dag.py
[2024-11-18T23:54:23.370+0000] {processor.py:840} INFO - DAG(s) 'base_dag' retrieved from /opt/airflow/dags/base_dag.py
[2024-11-18T23:54:23.453+0000] {logging_mixin.py:188} INFO - [2024-11-18T23:54:23.452+0000] {dag.py:3047} INFO - Sync 1 DAGs
[2024-11-18T23:54:23.511+0000] {logging_mixin.py:188} INFO - [2024-11-18T23:54:23.510+0000] {dag.py:3834} INFO - Setting next_dagrun for base_dag to None, run_after=None
[2024-11-18T23:54:23.570+0000] {processor.py:183} INFO - Processing /opt/airflow/dags/base_dag.py took 0.423 seconds
[2024-11-18T23:54:54.650+0000] {processor.py:161} INFO - Started process (PID=459) to work on /opt/airflow/dags/base_dag.py
[2024-11-18T23:54:54.656+0000] {processor.py:830} INFO - Processing file /opt/airflow/dags/base_dag.py for tasks to queue
[2024-11-18T23:54:54.672+0000] {logging_mixin.py:188} INFO - [2024-11-18T23:54:54.666+0000] {dagbag.py:540} INFO - Filling up the DagBag from /opt/airflow/dags/base_dag.py
[2024-11-18T23:54:54.765+0000] {processor.py:840} INFO - DAG(s) 'base_dag' retrieved from /opt/airflow/dags/base_dag.py
[2024-11-18T23:54:54.913+0000] {logging_mixin.py:188} INFO - [2024-11-18T23:54:54.912+0000] {dag.py:3047} INFO - Sync 1 DAGs
[2024-11-18T23:54:55.039+0000] {logging_mixin.py:188} INFO - [2024-11-18T23:54:55.038+0000] {dag.py:3834} INFO - Setting next_dagrun for base_dag to None, run_after=None
[2024-11-18T23:54:55.129+0000] {processor.py:183} INFO - Processing /opt/airflow/dags/base_dag.py took 0.500 seconds
