[2024-11-18T23:43:27.924+0000] {processor.py:161} INFO - Started process (PID=258) to work on /opt/airflow/dags/python_broker_postgres.py
[2024-11-18T23:43:27.926+0000] {processor.py:830} INFO - Processing file /opt/airflow/dags/python_broker_postgres.py for tasks to queue
[2024-11-18T23:43:27.929+0000] {logging_mixin.py:188} INFO - [2024-11-18T23:43:27.928+0000] {dagbag.py:540} INFO - Filling up the DagBag from /opt/airflow/dags/python_broker_postgres.py
[2024-11-18T23:43:28.051+0000] {logging_mixin.py:188} INFO - [2024-11-18T23:43:28.043+0000] {dagbag.py:350} ERROR - Failed to import: /opt/airflow/dags/python_broker_postgres.py
Traceback (most recent call last):
  File "/home/airflow/.local/lib/python3.8/site-packages/airflow/models/dagbag.py", line 346, in parse
    loader.exec_module(new_module)
  File "<frozen importlib._bootstrap_external>", line 843, in exec_module
  File "<frozen importlib._bootstrap>", line 219, in _call_with_frames_removed
  File "/opt/airflow/dags/python_broker_postgres.py", line 3, in <module>
    from tasks_broker_postgres.transformation import transformation
ModuleNotFoundError: No module named 'tasks_broker_postgres.transformation'
[2024-11-18T23:43:28.053+0000] {processor.py:842} WARNING - No viable dags retrieved from /opt/airflow/dags/python_broker_postgres.py
[2024-11-18T23:43:28.092+0000] {processor.py:183} INFO - Processing /opt/airflow/dags/python_broker_postgres.py took 0.172 seconds
[2024-11-18T23:43:58.423+0000] {processor.py:161} INFO - Started process (PID=267) to work on /opt/airflow/dags/python_broker_postgres.py
[2024-11-18T23:43:58.424+0000] {processor.py:830} INFO - Processing file /opt/airflow/dags/python_broker_postgres.py for tasks to queue
[2024-11-18T23:43:58.426+0000] {logging_mixin.py:188} INFO - [2024-11-18T23:43:58.426+0000] {dagbag.py:540} INFO - Filling up the DagBag from /opt/airflow/dags/python_broker_postgres.py
[2024-11-18T23:43:58.479+0000] {logging_mixin.py:188} INFO - [2024-11-18T23:43:58.475+0000] {dagbag.py:350} ERROR - Failed to import: /opt/airflow/dags/python_broker_postgres.py
Traceback (most recent call last):
  File "/home/airflow/.local/lib/python3.8/site-packages/airflow/models/dagbag.py", line 346, in parse
    loader.exec_module(new_module)
  File "<frozen importlib._bootstrap_external>", line 843, in exec_module
  File "<frozen importlib._bootstrap>", line 219, in _call_with_frames_removed
  File "/opt/airflow/dags/python_broker_postgres.py", line 3, in <module>
    from tasks_broker_postgres.transformation import transformation
ModuleNotFoundError: No module named 'tasks_broker_postgres.transformation'
[2024-11-18T23:43:58.481+0000] {processor.py:842} WARNING - No viable dags retrieved from /opt/airflow/dags/python_broker_postgres.py
[2024-11-18T23:43:58.520+0000] {processor.py:183} INFO - Processing /opt/airflow/dags/python_broker_postgres.py took 0.101 seconds
[2024-11-18T23:44:29.017+0000] {processor.py:161} INFO - Started process (PID=277) to work on /opt/airflow/dags/python_broker_postgres.py
[2024-11-18T23:44:29.019+0000] {processor.py:830} INFO - Processing file /opt/airflow/dags/python_broker_postgres.py for tasks to queue
[2024-11-18T23:44:29.022+0000] {logging_mixin.py:188} INFO - [2024-11-18T23:44:29.022+0000] {dagbag.py:540} INFO - Filling up the DagBag from /opt/airflow/dags/python_broker_postgres.py
[2024-11-18T23:44:29.092+0000] {logging_mixin.py:188} INFO - [2024-11-18T23:44:29.087+0000] {dagbag.py:350} ERROR - Failed to import: /opt/airflow/dags/python_broker_postgres.py
Traceback (most recent call last):
  File "/home/airflow/.local/lib/python3.8/site-packages/airflow/models/dagbag.py", line 346, in parse
    loader.exec_module(new_module)
  File "<frozen importlib._bootstrap_external>", line 843, in exec_module
  File "<frozen importlib._bootstrap>", line 219, in _call_with_frames_removed
  File "/opt/airflow/dags/python_broker_postgres.py", line 3, in <module>
    from tasks_broker_postgres.transformation import transformation
ModuleNotFoundError: No module named 'tasks_broker_postgres.transformation'
[2024-11-18T23:44:29.094+0000] {processor.py:842} WARNING - No viable dags retrieved from /opt/airflow/dags/python_broker_postgres.py
[2024-11-18T23:44:29.125+0000] {processor.py:183} INFO - Processing /opt/airflow/dags/python_broker_postgres.py took 0.116 seconds
[2024-11-18T23:44:59.875+0000] {processor.py:161} INFO - Started process (PID=286) to work on /opt/airflow/dags/python_broker_postgres.py
[2024-11-18T23:44:59.878+0000] {processor.py:830} INFO - Processing file /opt/airflow/dags/python_broker_postgres.py for tasks to queue
[2024-11-18T23:44:59.884+0000] {logging_mixin.py:188} INFO - [2024-11-18T23:44:59.883+0000] {dagbag.py:540} INFO - Filling up the DagBag from /opt/airflow/dags/python_broker_postgres.py
[2024-11-18T23:45:00.052+0000] {logging_mixin.py:188} INFO - [2024-11-18T23:45:00.044+0000] {dagbag.py:350} ERROR - Failed to import: /opt/airflow/dags/python_broker_postgres.py
Traceback (most recent call last):
  File "/home/airflow/.local/lib/python3.8/site-packages/airflow/models/dagbag.py", line 346, in parse
    loader.exec_module(new_module)
  File "<frozen importlib._bootstrap_external>", line 843, in exec_module
  File "<frozen importlib._bootstrap>", line 219, in _call_with_frames_removed
  File "/opt/airflow/dags/python_broker_postgres.py", line 3, in <module>
    from tasks_broker_postgres.transformation import transformation
ModuleNotFoundError: No module named 'tasks_broker_postgres.transformation'
[2024-11-18T23:45:00.057+0000] {processor.py:842} WARNING - No viable dags retrieved from /opt/airflow/dags/python_broker_postgres.py
[2024-11-18T23:45:00.164+0000] {processor.py:183} INFO - Processing /opt/airflow/dags/python_broker_postgres.py took 0.301 seconds
[2024-11-18T23:45:30.625+0000] {processor.py:161} INFO - Started process (PID=295) to work on /opt/airflow/dags/python_broker_postgres.py
[2024-11-18T23:45:30.627+0000] {processor.py:830} INFO - Processing file /opt/airflow/dags/python_broker_postgres.py for tasks to queue
[2024-11-18T23:45:30.629+0000] {logging_mixin.py:188} INFO - [2024-11-18T23:45:30.629+0000] {dagbag.py:540} INFO - Filling up the DagBag from /opt/airflow/dags/python_broker_postgres.py
[2024-11-18T23:45:30.716+0000] {logging_mixin.py:188} INFO - [2024-11-18T23:45:30.710+0000] {dagbag.py:350} ERROR - Failed to import: /opt/airflow/dags/python_broker_postgres.py
Traceback (most recent call last):
  File "/home/airflow/.local/lib/python3.8/site-packages/airflow/models/dagbag.py", line 346, in parse
    loader.exec_module(new_module)
  File "<frozen importlib._bootstrap_external>", line 843, in exec_module
  File "<frozen importlib._bootstrap>", line 219, in _call_with_frames_removed
  File "/opt/airflow/dags/python_broker_postgres.py", line 3, in <module>
    from tasks_broker_postgres.transformation import transformation
ModuleNotFoundError: No module named 'tasks_broker_postgres.transformation'
[2024-11-18T23:45:30.721+0000] {processor.py:842} WARNING - No viable dags retrieved from /opt/airflow/dags/python_broker_postgres.py
[2024-11-18T23:45:30.764+0000] {processor.py:183} INFO - Processing /opt/airflow/dags/python_broker_postgres.py took 0.143 seconds
[2024-11-18T23:46:01.123+0000] {processor.py:161} INFO - Started process (PID=304) to work on /opt/airflow/dags/python_broker_postgres.py
[2024-11-18T23:46:01.124+0000] {processor.py:830} INFO - Processing file /opt/airflow/dags/python_broker_postgres.py for tasks to queue
[2024-11-18T23:46:01.127+0000] {logging_mixin.py:188} INFO - [2024-11-18T23:46:01.127+0000] {dagbag.py:540} INFO - Filling up the DagBag from /opt/airflow/dags/python_broker_postgres.py
[2024-11-18T23:46:01.199+0000] {logging_mixin.py:188} INFO - [2024-11-18T23:46:01.194+0000] {dagbag.py:350} ERROR - Failed to import: /opt/airflow/dags/python_broker_postgres.py
Traceback (most recent call last):
  File "/home/airflow/.local/lib/python3.8/site-packages/airflow/models/dagbag.py", line 346, in parse
    loader.exec_module(new_module)
  File "<frozen importlib._bootstrap_external>", line 843, in exec_module
  File "<frozen importlib._bootstrap>", line 219, in _call_with_frames_removed
  File "/opt/airflow/dags/python_broker_postgres.py", line 3, in <module>
    from tasks_broker_postgres.transformation import transformation
ModuleNotFoundError: No module named 'tasks_broker_postgres.transformation'
[2024-11-18T23:46:01.201+0000] {processor.py:842} WARNING - No viable dags retrieved from /opt/airflow/dags/python_broker_postgres.py
[2024-11-18T23:46:01.229+0000] {processor.py:183} INFO - Processing /opt/airflow/dags/python_broker_postgres.py took 0.111 seconds
[2024-11-18T23:46:31.655+0000] {processor.py:161} INFO - Started process (PID=313) to work on /opt/airflow/dags/python_broker_postgres.py
[2024-11-18T23:46:31.657+0000] {processor.py:830} INFO - Processing file /opt/airflow/dags/python_broker_postgres.py for tasks to queue
[2024-11-18T23:46:31.660+0000] {logging_mixin.py:188} INFO - [2024-11-18T23:46:31.660+0000] {dagbag.py:540} INFO - Filling up the DagBag from /opt/airflow/dags/python_broker_postgres.py
[2024-11-18T23:46:31.719+0000] {logging_mixin.py:188} INFO - [2024-11-18T23:46:31.715+0000] {dagbag.py:350} ERROR - Failed to import: /opt/airflow/dags/python_broker_postgres.py
Traceback (most recent call last):
  File "/home/airflow/.local/lib/python3.8/site-packages/airflow/models/dagbag.py", line 346, in parse
    loader.exec_module(new_module)
  File "<frozen importlib._bootstrap_external>", line 843, in exec_module
  File "<frozen importlib._bootstrap>", line 219, in _call_with_frames_removed
  File "/opt/airflow/dags/python_broker_postgres.py", line 3, in <module>
    from tasks_broker_postgres.transformation import transformation
ModuleNotFoundError: No module named 'tasks_broker_postgres.transformation'
[2024-11-18T23:46:31.721+0000] {processor.py:842} WARNING - No viable dags retrieved from /opt/airflow/dags/python_broker_postgres.py
[2024-11-18T23:46:31.748+0000] {processor.py:183} INFO - Processing /opt/airflow/dags/python_broker_postgres.py took 0.099 seconds
[2024-11-18T23:47:02.300+0000] {processor.py:161} INFO - Started process (PID=322) to work on /opt/airflow/dags/python_broker_postgres.py
[2024-11-18T23:47:02.301+0000] {processor.py:830} INFO - Processing file /opt/airflow/dags/python_broker_postgres.py for tasks to queue
[2024-11-18T23:47:02.303+0000] {logging_mixin.py:188} INFO - [2024-11-18T23:47:02.303+0000] {dagbag.py:540} INFO - Filling up the DagBag from /opt/airflow/dags/python_broker_postgres.py
[2024-11-18T23:47:02.355+0000] {logging_mixin.py:188} INFO - [2024-11-18T23:47:02.351+0000] {dagbag.py:350} ERROR - Failed to import: /opt/airflow/dags/python_broker_postgres.py
Traceback (most recent call last):
  File "/home/airflow/.local/lib/python3.8/site-packages/airflow/models/dagbag.py", line 346, in parse
    loader.exec_module(new_module)
  File "<frozen importlib._bootstrap_external>", line 843, in exec_module
  File "<frozen importlib._bootstrap>", line 219, in _call_with_frames_removed
  File "/opt/airflow/dags/python_broker_postgres.py", line 3, in <module>
    from tasks_broker_postgres.transformation import transformation
ModuleNotFoundError: No module named 'tasks_broker_postgres.transformation'
[2024-11-18T23:47:02.356+0000] {processor.py:842} WARNING - No viable dags retrieved from /opt/airflow/dags/python_broker_postgres.py
[2024-11-18T23:47:02.380+0000] {processor.py:183} INFO - Processing /opt/airflow/dags/python_broker_postgres.py took 0.084 seconds
[2024-11-18T23:47:32.873+0000] {processor.py:161} INFO - Started process (PID=331) to work on /opt/airflow/dags/python_broker_postgres.py
[2024-11-18T23:47:32.875+0000] {processor.py:830} INFO - Processing file /opt/airflow/dags/python_broker_postgres.py for tasks to queue
[2024-11-18T23:47:32.881+0000] {logging_mixin.py:188} INFO - [2024-11-18T23:47:32.880+0000] {dagbag.py:540} INFO - Filling up the DagBag from /opt/airflow/dags/python_broker_postgres.py
[2024-11-18T23:47:32.999+0000] {logging_mixin.py:188} INFO - [2024-11-18T23:47:32.991+0000] {dagbag.py:350} ERROR - Failed to import: /opt/airflow/dags/python_broker_postgres.py
Traceback (most recent call last):
  File "/home/airflow/.local/lib/python3.8/site-packages/airflow/models/dagbag.py", line 346, in parse
    loader.exec_module(new_module)
  File "<frozen importlib._bootstrap_external>", line 843, in exec_module
  File "<frozen importlib._bootstrap>", line 219, in _call_with_frames_removed
  File "/opt/airflow/dags/python_broker_postgres.py", line 3, in <module>
    from tasks_broker_postgres.transformation import transformation
ModuleNotFoundError: No module named 'tasks_broker_postgres.transformation'
[2024-11-18T23:47:33.002+0000] {processor.py:842} WARNING - No viable dags retrieved from /opt/airflow/dags/python_broker_postgres.py
[2024-11-18T23:47:33.057+0000] {processor.py:183} INFO - Processing /opt/airflow/dags/python_broker_postgres.py took 0.191 seconds
[2024-11-18T23:48:03.431+0000] {processor.py:161} INFO - Started process (PID=346) to work on /opt/airflow/dags/python_broker_postgres.py
[2024-11-18T23:48:03.432+0000] {processor.py:830} INFO - Processing file /opt/airflow/dags/python_broker_postgres.py for tasks to queue
[2024-11-18T23:48:03.436+0000] {logging_mixin.py:188} INFO - [2024-11-18T23:48:03.435+0000] {dagbag.py:540} INFO - Filling up the DagBag from /opt/airflow/dags/python_broker_postgres.py
[2024-11-18T23:48:03.504+0000] {logging_mixin.py:188} INFO - [2024-11-18T23:48:03.500+0000] {dagbag.py:350} ERROR - Failed to import: /opt/airflow/dags/python_broker_postgres.py
Traceback (most recent call last):
  File "/home/airflow/.local/lib/python3.8/site-packages/airflow/models/dagbag.py", line 346, in parse
    loader.exec_module(new_module)
  File "<frozen importlib._bootstrap_external>", line 843, in exec_module
  File "<frozen importlib._bootstrap>", line 219, in _call_with_frames_removed
  File "/opt/airflow/dags/python_broker_postgres.py", line 3, in <module>
    from tasks_broker_postgres.transformation import transformation
ModuleNotFoundError: No module named 'tasks_broker_postgres.transformation'
[2024-11-18T23:48:03.506+0000] {processor.py:842} WARNING - No viable dags retrieved from /opt/airflow/dags/python_broker_postgres.py
[2024-11-18T23:48:03.539+0000] {processor.py:183} INFO - Processing /opt/airflow/dags/python_broker_postgres.py took 0.113 seconds
[2024-11-18T23:48:33.770+0000] {processor.py:161} INFO - Started process (PID=355) to work on /opt/airflow/dags/python_broker_postgres.py
[2024-11-18T23:48:33.771+0000] {processor.py:830} INFO - Processing file /opt/airflow/dags/python_broker_postgres.py for tasks to queue
[2024-11-18T23:48:33.774+0000] {logging_mixin.py:188} INFO - [2024-11-18T23:48:33.774+0000] {dagbag.py:540} INFO - Filling up the DagBag from /opt/airflow/dags/python_broker_postgres.py
[2024-11-18T23:48:33.839+0000] {logging_mixin.py:188} INFO - [2024-11-18T23:48:33.835+0000] {dagbag.py:350} ERROR - Failed to import: /opt/airflow/dags/python_broker_postgres.py
Traceback (most recent call last):
  File "/home/airflow/.local/lib/python3.8/site-packages/airflow/models/dagbag.py", line 346, in parse
    loader.exec_module(new_module)
  File "<frozen importlib._bootstrap_external>", line 843, in exec_module
  File "<frozen importlib._bootstrap>", line 219, in _call_with_frames_removed
  File "/opt/airflow/dags/python_broker_postgres.py", line 3, in <module>
    from tasks_broker_postgres.transformation import transformation
ModuleNotFoundError: No module named 'tasks_broker_postgres.transformation'
[2024-11-18T23:48:33.840+0000] {processor.py:842} WARNING - No viable dags retrieved from /opt/airflow/dags/python_broker_postgres.py
[2024-11-18T23:48:33.870+0000] {processor.py:183} INFO - Processing /opt/airflow/dags/python_broker_postgres.py took 0.104 seconds
[2024-11-18T23:49:04.405+0000] {processor.py:161} INFO - Started process (PID=364) to work on /opt/airflow/dags/python_broker_postgres.py
[2024-11-18T23:49:04.406+0000] {processor.py:830} INFO - Processing file /opt/airflow/dags/python_broker_postgres.py for tasks to queue
[2024-11-18T23:49:04.410+0000] {logging_mixin.py:188} INFO - [2024-11-18T23:49:04.409+0000] {dagbag.py:540} INFO - Filling up the DagBag from /opt/airflow/dags/python_broker_postgres.py
[2024-11-18T23:49:04.488+0000] {logging_mixin.py:188} INFO - [2024-11-18T23:49:04.483+0000] {dagbag.py:350} ERROR - Failed to import: /opt/airflow/dags/python_broker_postgres.py
Traceback (most recent call last):
  File "/home/airflow/.local/lib/python3.8/site-packages/airflow/models/dagbag.py", line 346, in parse
    loader.exec_module(new_module)
  File "<frozen importlib._bootstrap_external>", line 843, in exec_module
  File "<frozen importlib._bootstrap>", line 219, in _call_with_frames_removed
  File "/opt/airflow/dags/python_broker_postgres.py", line 3, in <module>
    from tasks_broker_postgres.transformation import transformation
ModuleNotFoundError: No module named 'tasks_broker_postgres.transformation'
[2024-11-18T23:49:04.491+0000] {processor.py:842} WARNING - No viable dags retrieved from /opt/airflow/dags/python_broker_postgres.py
[2024-11-18T23:49:04.523+0000] {processor.py:183} INFO - Processing /opt/airflow/dags/python_broker_postgres.py took 0.124 seconds
[2024-11-18T23:49:35.266+0000] {processor.py:161} INFO - Started process (PID=373) to work on /opt/airflow/dags/python_broker_postgres.py
[2024-11-18T23:49:35.268+0000] {processor.py:830} INFO - Processing file /opt/airflow/dags/python_broker_postgres.py for tasks to queue
[2024-11-18T23:49:35.271+0000] {logging_mixin.py:188} INFO - [2024-11-18T23:49:35.270+0000] {dagbag.py:540} INFO - Filling up the DagBag from /opt/airflow/dags/python_broker_postgres.py
[2024-11-18T23:49:35.354+0000] {logging_mixin.py:188} INFO - [2024-11-18T23:49:35.349+0000] {dagbag.py:350} ERROR - Failed to import: /opt/airflow/dags/python_broker_postgres.py
Traceback (most recent call last):
  File "/home/airflow/.local/lib/python3.8/site-packages/airflow/models/dagbag.py", line 346, in parse
    loader.exec_module(new_module)
  File "<frozen importlib._bootstrap_external>", line 843, in exec_module
  File "<frozen importlib._bootstrap>", line 219, in _call_with_frames_removed
  File "/opt/airflow/dags/python_broker_postgres.py", line 3, in <module>
    from tasks_broker_postgres.transformation import transformation
ModuleNotFoundError: No module named 'tasks_broker_postgres.transformation'
[2024-11-18T23:49:35.356+0000] {processor.py:842} WARNING - No viable dags retrieved from /opt/airflow/dags/python_broker_postgres.py
[2024-11-18T23:49:35.395+0000] {processor.py:183} INFO - Processing /opt/airflow/dags/python_broker_postgres.py took 0.134 seconds
[2024-11-18T23:50:06.157+0000] {processor.py:161} INFO - Started process (PID=382) to work on /opt/airflow/dags/python_broker_postgres.py
[2024-11-18T23:50:06.178+0000] {processor.py:830} INFO - Processing file /opt/airflow/dags/python_broker_postgres.py for tasks to queue
[2024-11-18T23:50:06.240+0000] {logging_mixin.py:188} INFO - [2024-11-18T23:50:06.234+0000] {dagbag.py:540} INFO - Filling up the DagBag from /opt/airflow/dags/python_broker_postgres.py
[2024-11-18T23:50:06.767+0000] {logging_mixin.py:188} INFO - [2024-11-18T23:50:06.756+0000] {dagbag.py:350} ERROR - Failed to import: /opt/airflow/dags/python_broker_postgres.py
Traceback (most recent call last):
  File "/home/airflow/.local/lib/python3.8/site-packages/airflow/models/dagbag.py", line 346, in parse
    loader.exec_module(new_module)
  File "<frozen importlib._bootstrap_external>", line 843, in exec_module
  File "<frozen importlib._bootstrap>", line 219, in _call_with_frames_removed
  File "/opt/airflow/dags/python_broker_postgres.py", line 3, in <module>
    from tasks_broker_postgres.transformation import transformation
ModuleNotFoundError: No module named 'tasks_broker_postgres.transformation'
[2024-11-18T23:50:06.771+0000] {processor.py:842} WARNING - No viable dags retrieved from /opt/airflow/dags/python_broker_postgres.py
[2024-11-18T23:50:07.055+0000] {processor.py:183} INFO - Processing /opt/airflow/dags/python_broker_postgres.py took 0.925 seconds
[2024-11-18T23:50:30.398+0000] {processor.py:161} INFO - Started process (PID=383) to work on /opt/airflow/dags/python_broker_postgres.py
[2024-11-18T23:50:30.400+0000] {processor.py:830} INFO - Processing file /opt/airflow/dags/python_broker_postgres.py for tasks to queue
[2024-11-18T23:50:30.404+0000] {logging_mixin.py:188} INFO - [2024-11-18T23:50:30.404+0000] {dagbag.py:540} INFO - Filling up the DagBag from /opt/airflow/dags/python_broker_postgres.py
[2024-11-18T23:50:30.495+0000] {logging_mixin.py:188} INFO - [2024-11-18T23:50:30.490+0000] {dagbag.py:350} ERROR - Failed to import: /opt/airflow/dags/python_broker_postgres.py
Traceback (most recent call last):
  File "/home/airflow/.local/lib/python3.8/site-packages/airflow/models/dagbag.py", line 346, in parse
    loader.exec_module(new_module)
  File "<frozen importlib._bootstrap_external>", line 843, in exec_module
  File "<frozen importlib._bootstrap>", line 219, in _call_with_frames_removed
  File "/opt/airflow/dags/python_broker_postgres.py", line 3, in <module>
    from tasks_broker_postgres.transforma import transformation
ModuleNotFoundError: No module named 'tasks_broker_postgres.transforma'
[2024-11-18T23:50:30.498+0000] {processor.py:842} WARNING - No viable dags retrieved from /opt/airflow/dags/python_broker_postgres.py
[2024-11-18T23:50:30.535+0000] {processor.py:183} INFO - Processing /opt/airflow/dags/python_broker_postgres.py took 0.142 seconds
[2024-11-18T23:50:32.543+0000] {processor.py:161} INFO - Started process (PID=384) to work on /opt/airflow/dags/python_broker_postgres.py
[2024-11-18T23:50:32.546+0000] {processor.py:830} INFO - Processing file /opt/airflow/dags/python_broker_postgres.py for tasks to queue
[2024-11-18T23:50:32.552+0000] {logging_mixin.py:188} INFO - [2024-11-18T23:50:32.551+0000] {dagbag.py:540} INFO - Filling up the DagBag from /opt/airflow/dags/python_broker_postgres.py
[2024-11-18T23:50:32.909+0000] {processor.py:840} INFO - DAG(s) 'python_broker_postgres' retrieved from /opt/airflow/dags/python_broker_postgres.py
[2024-11-18T23:50:34.121+0000] {logging_mixin.py:188} INFO - [2024-11-18T23:50:34.113+0000] {override.py:1769} INFO - Created Permission View: can read on DAG:python_broker_postgres
[2024-11-18T23:50:34.164+0000] {logging_mixin.py:188} INFO - [2024-11-18T23:50:34.162+0000] {override.py:1769} INFO - Created Permission View: can edit on DAG:python_broker_postgres
[2024-11-18T23:50:34.191+0000] {logging_mixin.py:188} INFO - [2024-11-18T23:50:34.189+0000] {override.py:1769} INFO - Created Permission View: can delete on DAG:python_broker_postgres
[2024-11-18T23:50:34.194+0000] {logging_mixin.py:188} INFO - [2024-11-18T23:50:34.193+0000] {dag.py:3047} INFO - Sync 1 DAGs
[2024-11-18T23:50:34.230+0000] {logging_mixin.py:188} INFO - [2024-11-18T23:50:34.230+0000] {dag.py:3069} INFO - Creating ORM DAG for python_broker_postgres
[2024-11-18T23:50:34.233+0000] {logging_mixin.py:188} INFO - [2024-11-18T23:50:34.232+0000] {dag.py:3834} INFO - Setting next_dagrun for python_broker_postgres to None, run_after=None
[2024-11-18T23:50:34.295+0000] {processor.py:183} INFO - Processing /opt/airflow/dags/python_broker_postgres.py took 1.761 seconds
[2024-11-18T23:51:04.722+0000] {processor.py:161} INFO - Started process (PID=402) to work on /opt/airflow/dags/python_broker_postgres.py
[2024-11-18T23:51:04.726+0000] {processor.py:830} INFO - Processing file /opt/airflow/dags/python_broker_postgres.py for tasks to queue
[2024-11-18T23:51:04.734+0000] {logging_mixin.py:188} INFO - [2024-11-18T23:51:04.733+0000] {dagbag.py:540} INFO - Filling up the DagBag from /opt/airflow/dags/python_broker_postgres.py
[2024-11-18T23:51:05.047+0000] {processor.py:840} INFO - DAG(s) 'python_broker_postgres' retrieved from /opt/airflow/dags/python_broker_postgres.py
[2024-11-18T23:51:05.151+0000] {logging_mixin.py:188} INFO - [2024-11-18T23:51:05.150+0000] {dag.py:3047} INFO - Sync 1 DAGs
[2024-11-18T23:51:05.209+0000] {logging_mixin.py:188} INFO - [2024-11-18T23:51:05.208+0000] {dag.py:3834} INFO - Setting next_dagrun for python_broker_postgres to None, run_after=None
[2024-11-18T23:51:05.343+0000] {processor.py:183} INFO - Processing /opt/airflow/dags/python_broker_postgres.py took 0.635 seconds
[2024-11-18T23:51:36.934+0000] {processor.py:161} INFO - Started process (PID=412) to work on /opt/airflow/dags/python_broker_postgres.py
[2024-11-18T23:51:36.951+0000] {processor.py:830} INFO - Processing file /opt/airflow/dags/python_broker_postgres.py for tasks to queue
[2024-11-18T23:51:36.968+0000] {logging_mixin.py:188} INFO - [2024-11-18T23:51:36.966+0000] {dagbag.py:540} INFO - Filling up the DagBag from /opt/airflow/dags/python_broker_postgres.py
[2024-11-18T23:51:37.472+0000] {processor.py:840} INFO - DAG(s) 'python_broker_postgres' retrieved from /opt/airflow/dags/python_broker_postgres.py
[2024-11-18T23:51:37.597+0000] {logging_mixin.py:188} INFO - [2024-11-18T23:51:37.596+0000] {dag.py:3047} INFO - Sync 1 DAGs
[2024-11-18T23:51:37.689+0000] {logging_mixin.py:188} INFO - [2024-11-18T23:51:37.688+0000] {dag.py:3834} INFO - Setting next_dagrun for python_broker_postgres to None, run_after=None
[2024-11-18T23:51:37.863+0000] {processor.py:183} INFO - Processing /opt/airflow/dags/python_broker_postgres.py took 1.001 seconds
[2024-11-18T23:52:08.566+0000] {processor.py:161} INFO - Started process (PID=422) to work on /opt/airflow/dags/python_broker_postgres.py
[2024-11-18T23:52:08.568+0000] {processor.py:830} INFO - Processing file /opt/airflow/dags/python_broker_postgres.py for tasks to queue
[2024-11-18T23:52:08.573+0000] {logging_mixin.py:188} INFO - [2024-11-18T23:52:08.572+0000] {dagbag.py:540} INFO - Filling up the DagBag from /opt/airflow/dags/python_broker_postgres.py
[2024-11-18T23:52:08.746+0000] {processor.py:840} INFO - DAG(s) 'python_broker_postgres' retrieved from /opt/airflow/dags/python_broker_postgres.py
[2024-11-18T23:52:08.808+0000] {logging_mixin.py:188} INFO - [2024-11-18T23:52:08.807+0000] {dag.py:3047} INFO - Sync 1 DAGs
[2024-11-18T23:52:08.836+0000] {logging_mixin.py:188} INFO - [2024-11-18T23:52:08.835+0000] {dag.py:3834} INFO - Setting next_dagrun for python_broker_postgres to None, run_after=None
[2024-11-18T23:52:08.888+0000] {processor.py:183} INFO - Processing /opt/airflow/dags/python_broker_postgres.py took 0.332 seconds
[2024-11-18T23:52:39.265+0000] {processor.py:161} INFO - Started process (PID=431) to work on /opt/airflow/dags/python_broker_postgres.py
[2024-11-18T23:52:39.267+0000] {processor.py:830} INFO - Processing file /opt/airflow/dags/python_broker_postgres.py for tasks to queue
[2024-11-18T23:52:39.272+0000] {logging_mixin.py:188} INFO - [2024-11-18T23:52:39.271+0000] {dagbag.py:540} INFO - Filling up the DagBag from /opt/airflow/dags/python_broker_postgres.py
[2024-11-18T23:52:39.465+0000] {processor.py:840} INFO - DAG(s) 'python_broker_postgres' retrieved from /opt/airflow/dags/python_broker_postgres.py
[2024-11-18T23:52:39.554+0000] {logging_mixin.py:188} INFO - [2024-11-18T23:52:39.553+0000] {dag.py:3047} INFO - Sync 1 DAGs
[2024-11-18T23:52:39.593+0000] {logging_mixin.py:188} INFO - [2024-11-18T23:52:39.593+0000] {dag.py:3834} INFO - Setting next_dagrun for python_broker_postgres to None, run_after=None
[2024-11-18T23:52:39.658+0000] {processor.py:183} INFO - Processing /opt/airflow/dags/python_broker_postgres.py took 0.402 seconds
[2024-11-18T23:53:10.208+0000] {processor.py:161} INFO - Started process (PID=440) to work on /opt/airflow/dags/python_broker_postgres.py
[2024-11-18T23:53:10.210+0000] {processor.py:830} INFO - Processing file /opt/airflow/dags/python_broker_postgres.py for tasks to queue
[2024-11-18T23:53:10.213+0000] {logging_mixin.py:188} INFO - [2024-11-18T23:53:10.212+0000] {dagbag.py:540} INFO - Filling up the DagBag from /opt/airflow/dags/python_broker_postgres.py
[2024-11-18T23:53:10.320+0000] {processor.py:840} INFO - DAG(s) 'python_broker_postgres' retrieved from /opt/airflow/dags/python_broker_postgres.py
[2024-11-18T23:53:10.364+0000] {logging_mixin.py:188} INFO - [2024-11-18T23:53:10.363+0000] {dag.py:3047} INFO - Sync 1 DAGs
[2024-11-18T23:53:10.390+0000] {logging_mixin.py:188} INFO - [2024-11-18T23:53:10.389+0000] {dag.py:3834} INFO - Setting next_dagrun for python_broker_postgres to None, run_after=None
[2024-11-18T23:53:10.422+0000] {processor.py:183} INFO - Processing /opt/airflow/dags/python_broker_postgres.py took 0.221 seconds
[2024-11-18T23:53:43.068+0000] {processor.py:161} INFO - Started process (PID=441) to work on /opt/airflow/dags/python_broker_postgres.py
[2024-11-18T23:53:43.075+0000] {processor.py:830} INFO - Processing file /opt/airflow/dags/python_broker_postgres.py for tasks to queue
[2024-11-18T23:53:43.092+0000] {logging_mixin.py:188} INFO - [2024-11-18T23:53:43.091+0000] {dagbag.py:540} INFO - Filling up the DagBag from /opt/airflow/dags/python_broker_postgres.py
[2024-11-18T23:53:43.799+0000] {processor.py:840} INFO - DAG(s) 'python_broker_postgres' retrieved from /opt/airflow/dags/python_broker_postgres.py
[2024-11-18T23:53:50.435+0000] {logging_mixin.py:188} INFO - [2024-11-18T23:53:50.419+0000] {dag.py:3047} INFO - Sync 1 DAGs
[2024-11-18T23:53:50.655+0000] {logging_mixin.py:188} INFO - [2024-11-18T23:53:50.654+0000] {dag.py:3834} INFO - Setting next_dagrun for python_broker_postgres to None, run_after=None
[2024-11-18T23:53:50.908+0000] {processor.py:183} INFO - Processing /opt/airflow/dags/python_broker_postgres.py took 7.877 seconds
[2024-11-18T23:54:21.495+0000] {processor.py:161} INFO - Started process (PID=449) to work on /opt/airflow/dags/python_broker_postgres.py
[2024-11-18T23:54:21.499+0000] {processor.py:830} INFO - Processing file /opt/airflow/dags/python_broker_postgres.py for tasks to queue
[2024-11-18T23:54:21.506+0000] {logging_mixin.py:188} INFO - [2024-11-18T23:54:21.505+0000] {dagbag.py:540} INFO - Filling up the DagBag from /opt/airflow/dags/python_broker_postgres.py
[2024-11-18T23:54:21.736+0000] {processor.py:840} INFO - DAG(s) 'python_broker_postgres' retrieved from /opt/airflow/dags/python_broker_postgres.py
[2024-11-18T23:54:21.840+0000] {logging_mixin.py:188} INFO - [2024-11-18T23:54:21.835+0000] {dag.py:3047} INFO - Sync 1 DAGs
[2024-11-18T23:54:21.917+0000] {logging_mixin.py:188} INFO - [2024-11-18T23:54:21.916+0000] {dag.py:3834} INFO - Setting next_dagrun for python_broker_postgres to None, run_after=None
[2024-11-18T23:54:22.016+0000] {processor.py:183} INFO - Processing /opt/airflow/dags/python_broker_postgres.py took 0.537 seconds
[2024-11-18T23:54:52.959+0000] {processor.py:161} INFO - Started process (PID=457) to work on /opt/airflow/dags/python_broker_postgres.py
[2024-11-18T23:54:52.964+0000] {processor.py:830} INFO - Processing file /opt/airflow/dags/python_broker_postgres.py for tasks to queue
[2024-11-18T23:54:52.979+0000] {logging_mixin.py:188} INFO - [2024-11-18T23:54:52.972+0000] {dagbag.py:540} INFO - Filling up the DagBag from /opt/airflow/dags/python_broker_postgres.py
[2024-11-18T23:54:53.602+0000] {processor.py:840} INFO - DAG(s) 'python_broker_postgres' retrieved from /opt/airflow/dags/python_broker_postgres.py
[2024-11-18T23:54:54.352+0000] {logging_mixin.py:188} INFO - [2024-11-18T23:54:54.341+0000] {dag.py:3047} INFO - Sync 1 DAGs
[2024-11-18T23:54:54.405+0000] {logging_mixin.py:188} INFO - [2024-11-18T23:54:54.404+0000] {dag.py:3834} INFO - Setting next_dagrun for python_broker_postgres to None, run_after=None
[2024-11-18T23:54:54.484+0000] {processor.py:183} INFO - Processing /opt/airflow/dags/python_broker_postgres.py took 1.557 seconds
