[2024-11-18T23:15:49.626+0000] {processor.py:161} INFO - Started process (PID=247) to work on /opt/airflow/dags/python_broker.py
[2024-11-18T23:15:49.628+0000] {processor.py:830} INFO - Processing file /opt/airflow/dags/python_broker.py for tasks to queue
[2024-11-18T23:15:49.631+0000] {logging_mixin.py:188} INFO - [2024-11-18T23:15:49.630+0000] {dagbag.py:540} INFO - Filling up the DagBag from /opt/airflow/dags/python_broker.py
[2024-11-18T23:15:49.972+0000] {processor.py:840} INFO - DAG(s) 'python_broker' retrieved from /opt/airflow/dags/python_broker.py
[2024-11-18T23:15:50.593+0000] {logging_mixin.py:188} INFO - [2024-11-18T23:15:50.591+0000] {override.py:1769} INFO - Created Permission View: can edit on DAG:python_broker
[2024-11-18T23:15:50.627+0000] {logging_mixin.py:188} INFO - [2024-11-18T23:15:50.626+0000] {override.py:1769} INFO - Created Permission View: can delete on DAG:python_broker
[2024-11-18T23:15:50.648+0000] {logging_mixin.py:188} INFO - [2024-11-18T23:15:50.648+0000] {override.py:1769} INFO - Created Permission View: can read on DAG:python_broker
[2024-11-18T23:15:50.650+0000] {logging_mixin.py:188} INFO - [2024-11-18T23:15:50.650+0000] {dag.py:3047} INFO - Sync 1 DAGs
[2024-11-18T23:15:50.681+0000] {logging_mixin.py:188} INFO - [2024-11-18T23:15:50.681+0000] {dag.py:3069} INFO - Creating ORM DAG for python_broker
[2024-11-18T23:15:50.683+0000] {logging_mixin.py:188} INFO - [2024-11-18T23:15:50.682+0000] {dag.py:3834} INFO - Setting next_dagrun for python_broker to None, run_after=None
[2024-11-18T23:15:50.719+0000] {processor.py:183} INFO - Processing /opt/airflow/dags/python_broker.py took 1.096 seconds
[2024-11-18T23:16:21.034+0000] {processor.py:161} INFO - Started process (PID=255) to work on /opt/airflow/dags/python_broker.py
[2024-11-18T23:16:21.036+0000] {processor.py:830} INFO - Processing file /opt/airflow/dags/python_broker.py for tasks to queue
[2024-11-18T23:16:21.040+0000] {logging_mixin.py:188} INFO - [2024-11-18T23:16:21.039+0000] {dagbag.py:540} INFO - Filling up the DagBag from /opt/airflow/dags/python_broker.py
[2024-11-18T23:16:21.170+0000] {processor.py:840} INFO - DAG(s) 'python_broker' retrieved from /opt/airflow/dags/python_broker.py
[2024-11-18T23:16:21.210+0000] {logging_mixin.py:188} INFO - [2024-11-18T23:16:21.209+0000] {dag.py:3047} INFO - Sync 1 DAGs
[2024-11-18T23:16:21.232+0000] {logging_mixin.py:188} INFO - [2024-11-18T23:16:21.231+0000] {dag.py:3834} INFO - Setting next_dagrun for python_broker to None, run_after=None
[2024-11-18T23:16:21.264+0000] {processor.py:183} INFO - Processing /opt/airflow/dags/python_broker.py took 0.237 seconds
[2024-11-18T23:16:51.577+0000] {processor.py:161} INFO - Started process (PID=263) to work on /opt/airflow/dags/python_broker.py
[2024-11-18T23:16:51.579+0000] {processor.py:830} INFO - Processing file /opt/airflow/dags/python_broker.py for tasks to queue
[2024-11-18T23:16:51.582+0000] {logging_mixin.py:188} INFO - [2024-11-18T23:16:51.582+0000] {dagbag.py:540} INFO - Filling up the DagBag from /opt/airflow/dags/python_broker.py
[2024-11-18T23:16:51.705+0000] {processor.py:840} INFO - DAG(s) 'python_broker' retrieved from /opt/airflow/dags/python_broker.py
[2024-11-18T23:16:51.750+0000] {logging_mixin.py:188} INFO - [2024-11-18T23:16:51.749+0000] {dag.py:3047} INFO - Sync 1 DAGs
[2024-11-18T23:16:51.769+0000] {logging_mixin.py:188} INFO - [2024-11-18T23:16:51.768+0000] {dag.py:3834} INFO - Setting next_dagrun for python_broker to None, run_after=None
[2024-11-18T23:16:51.797+0000] {processor.py:183} INFO - Processing /opt/airflow/dags/python_broker.py took 0.224 seconds
[2024-11-18T23:17:22.210+0000] {processor.py:161} INFO - Started process (PID=271) to work on /opt/airflow/dags/python_broker.py
[2024-11-18T23:17:22.222+0000] {processor.py:830} INFO - Processing file /opt/airflow/dags/python_broker.py for tasks to queue
[2024-11-18T23:17:22.237+0000] {logging_mixin.py:188} INFO - [2024-11-18T23:17:22.234+0000] {dagbag.py:540} INFO - Filling up the DagBag from /opt/airflow/dags/python_broker.py
[2024-11-18T23:17:22.804+0000] {processor.py:840} INFO - DAG(s) 'python_broker' retrieved from /opt/airflow/dags/python_broker.py
[2024-11-18T23:17:23.751+0000] {logging_mixin.py:188} INFO - [2024-11-18T23:17:23.744+0000] {dag.py:3047} INFO - Sync 1 DAGs
[2024-11-18T23:17:23.788+0000] {logging_mixin.py:188} INFO - [2024-11-18T23:17:23.787+0000] {dag.py:3834} INFO - Setting next_dagrun for python_broker to None, run_after=None
[2024-11-18T23:17:23.863+0000] {processor.py:183} INFO - Processing /opt/airflow/dags/python_broker.py took 1.710 seconds
[2024-11-18T23:17:54.523+0000] {processor.py:161} INFO - Started process (PID=279) to work on /opt/airflow/dags/python_broker.py
[2024-11-18T23:17:54.524+0000] {processor.py:830} INFO - Processing file /opt/airflow/dags/python_broker.py for tasks to queue
[2024-11-18T23:17:54.528+0000] {logging_mixin.py:188} INFO - [2024-11-18T23:17:54.527+0000] {dagbag.py:540} INFO - Filling up the DagBag from /opt/airflow/dags/python_broker.py
[2024-11-18T23:17:54.683+0000] {processor.py:840} INFO - DAG(s) 'python_broker' retrieved from /opt/airflow/dags/python_broker.py
[2024-11-18T23:17:54.881+0000] {logging_mixin.py:188} INFO - [2024-11-18T23:17:54.880+0000] {dag.py:3047} INFO - Sync 1 DAGs
[2024-11-18T23:17:54.907+0000] {logging_mixin.py:188} INFO - [2024-11-18T23:17:54.907+0000] {dag.py:3834} INFO - Setting next_dagrun for python_broker to None, run_after=None
[2024-11-18T23:17:54.948+0000] {processor.py:183} INFO - Processing /opt/airflow/dags/python_broker.py took 0.430 seconds
[2024-11-18T23:24:44.647+0000] {processor.py:161} INFO - Started process (PID=281) to work on /opt/airflow/dags/python_broker.py
[2024-11-18T23:24:53.447+0000] {processor.py:830} INFO - Processing file /opt/airflow/dags/python_broker.py for tasks to queue
[2024-11-18T23:28:29.604+0000] {logging_mixin.py:188} INFO - [2024-11-18T23:26:39.591+0000] {dagbag.py:540} INFO - Filling up the DagBag from /opt/airflow/dags/python_broker.py
[2024-11-18T23:33:28.905+0000] {processor.py:161} INFO - Started process (PID=102) to work on /opt/airflow/dags/python_broker.py
[2024-11-18T23:33:28.958+0000] {processor.py:830} INFO - Processing file /opt/airflow/dags/python_broker.py for tasks to queue
[2024-11-18T23:33:29.106+0000] {logging_mixin.py:188} INFO - [2024-11-18T23:33:29.101+0000] {dagbag.py:540} INFO - Filling up the DagBag from /opt/airflow/dags/python_broker.py
[2024-11-18T23:33:30.623+0000] {processor.py:840} INFO - DAG(s) 'python_broker' retrieved from /opt/airflow/dags/python_broker.py
[2024-11-18T23:33:31.594+0000] {logging_mixin.py:188} INFO - [2024-11-18T23:33:31.593+0000] {dag.py:3047} INFO - Sync 1 DAGs
[2024-11-18T23:33:33.790+0000] {logging_mixin.py:188} INFO - [2024-11-18T23:33:33.789+0000] {dag.py:3834} INFO - Setting next_dagrun for python_broker to None, run_after=None
[2024-11-18T23:33:34.292+0000] {processor.py:183} INFO - Processing /opt/airflow/dags/python_broker.py took 5.498 seconds
[2024-11-18T23:34:05.746+0000] {processor.py:161} INFO - Started process (PID=110) to work on /opt/airflow/dags/python_broker.py
[2024-11-18T23:34:05.782+0000] {processor.py:830} INFO - Processing file /opt/airflow/dags/python_broker.py for tasks to queue
[2024-11-18T23:34:05.903+0000] {logging_mixin.py:188} INFO - [2024-11-18T23:34:05.896+0000] {dagbag.py:540} INFO - Filling up the DagBag from /opt/airflow/dags/python_broker.py
[2024-11-18T23:34:08.377+0000] {processor.py:840} INFO - DAG(s) 'python_broker' retrieved from /opt/airflow/dags/python_broker.py
[2024-11-18T23:34:08.507+0000] {logging_mixin.py:188} INFO - [2024-11-18T23:34:08.506+0000] {dag.py:3047} INFO - Sync 1 DAGs
[2024-11-18T23:34:08.564+0000] {logging_mixin.py:188} INFO - [2024-11-18T23:34:08.563+0000] {dag.py:3834} INFO - Setting next_dagrun for python_broker to None, run_after=None
[2024-11-18T23:34:08.644+0000] {processor.py:183} INFO - Processing /opt/airflow/dags/python_broker.py took 3.131 seconds
[2024-11-18T23:34:39.198+0000] {processor.py:161} INFO - Started process (PID=118) to work on /opt/airflow/dags/python_broker.py
[2024-11-18T23:34:39.202+0000] {processor.py:830} INFO - Processing file /opt/airflow/dags/python_broker.py for tasks to queue
[2024-11-18T23:34:39.215+0000] {logging_mixin.py:188} INFO - [2024-11-18T23:34:39.208+0000] {dagbag.py:540} INFO - Filling up the DagBag from /opt/airflow/dags/python_broker.py
[2024-11-18T23:34:39.609+0000] {processor.py:840} INFO - DAG(s) 'python_broker' retrieved from /opt/airflow/dags/python_broker.py
[2024-11-18T23:34:39.692+0000] {logging_mixin.py:188} INFO - [2024-11-18T23:34:39.692+0000] {dag.py:3047} INFO - Sync 1 DAGs
[2024-11-18T23:34:39.735+0000] {logging_mixin.py:188} INFO - [2024-11-18T23:34:39.734+0000] {dag.py:3834} INFO - Setting next_dagrun for python_broker to None, run_after=None
[2024-11-18T23:34:39.815+0000] {processor.py:183} INFO - Processing /opt/airflow/dags/python_broker.py took 0.631 seconds
[2024-11-18T23:35:10.188+0000] {processor.py:161} INFO - Started process (PID=126) to work on /opt/airflow/dags/python_broker.py
[2024-11-18T23:35:10.191+0000] {processor.py:830} INFO - Processing file /opt/airflow/dags/python_broker.py for tasks to queue
[2024-11-18T23:35:10.196+0000] {logging_mixin.py:188} INFO - [2024-11-18T23:35:10.195+0000] {dagbag.py:540} INFO - Filling up the DagBag from /opt/airflow/dags/python_broker.py
[2024-11-18T23:35:10.344+0000] {processor.py:840} INFO - DAG(s) 'python_broker' retrieved from /opt/airflow/dags/python_broker.py
[2024-11-18T23:35:10.395+0000] {logging_mixin.py:188} INFO - [2024-11-18T23:35:10.394+0000] {dag.py:3047} INFO - Sync 1 DAGs
[2024-11-18T23:35:10.430+0000] {logging_mixin.py:188} INFO - [2024-11-18T23:35:10.429+0000] {dag.py:3834} INFO - Setting next_dagrun for python_broker to None, run_after=None
[2024-11-18T23:35:10.486+0000] {processor.py:183} INFO - Processing /opt/airflow/dags/python_broker.py took 0.305 seconds
[2024-11-18T23:35:41.004+0000] {processor.py:161} INFO - Started process (PID=135) to work on /opt/airflow/dags/python_broker.py
[2024-11-18T23:35:41.013+0000] {processor.py:830} INFO - Processing file /opt/airflow/dags/python_broker.py for tasks to queue
[2024-11-18T23:35:41.034+0000] {logging_mixin.py:188} INFO - [2024-11-18T23:35:41.026+0000] {dagbag.py:540} INFO - Filling up the DagBag from /opt/airflow/dags/python_broker.py
[2024-11-18T23:35:44.058+0000] {processor.py:840} INFO - DAG(s) 'python_broker' retrieved from /opt/airflow/dags/python_broker.py
[2024-11-18T23:35:44.142+0000] {logging_mixin.py:188} INFO - [2024-11-18T23:35:44.142+0000] {dag.py:3047} INFO - Sync 1 DAGs
[2024-11-18T23:35:44.179+0000] {logging_mixin.py:188} INFO - [2024-11-18T23:35:44.179+0000] {dag.py:3834} INFO - Setting next_dagrun for python_broker to None, run_after=None
[2024-11-18T23:35:44.234+0000] {processor.py:183} INFO - Processing /opt/airflow/dags/python_broker.py took 3.294 seconds
[2024-11-18T23:36:14.534+0000] {processor.py:161} INFO - Started process (PID=143) to work on /opt/airflow/dags/python_broker.py
[2024-11-18T23:36:14.539+0000] {processor.py:830} INFO - Processing file /opt/airflow/dags/python_broker.py for tasks to queue
[2024-11-18T23:36:14.547+0000] {logging_mixin.py:188} INFO - [2024-11-18T23:36:14.545+0000] {dagbag.py:540} INFO - Filling up the DagBag from /opt/airflow/dags/python_broker.py
[2024-11-18T23:36:14.739+0000] {processor.py:840} INFO - DAG(s) 'python_broker' retrieved from /opt/airflow/dags/python_broker.py
[2024-11-18T23:36:14.810+0000] {logging_mixin.py:188} INFO - [2024-11-18T23:36:14.809+0000] {dag.py:3047} INFO - Sync 1 DAGs
[2024-11-18T23:36:14.845+0000] {logging_mixin.py:188} INFO - [2024-11-18T23:36:14.844+0000] {dag.py:3834} INFO - Setting next_dagrun for python_broker to None, run_after=None
[2024-11-18T23:36:14.901+0000] {processor.py:183} INFO - Processing /opt/airflow/dags/python_broker.py took 0.377 seconds
[2024-11-18T23:36:45.158+0000] {processor.py:161} INFO - Started process (PID=152) to work on /opt/airflow/dags/python_broker.py
[2024-11-18T23:36:45.159+0000] {processor.py:830} INFO - Processing file /opt/airflow/dags/python_broker.py for tasks to queue
[2024-11-18T23:36:45.163+0000] {logging_mixin.py:188} INFO - [2024-11-18T23:36:45.162+0000] {dagbag.py:540} INFO - Filling up the DagBag from /opt/airflow/dags/python_broker.py
[2024-11-18T23:36:45.260+0000] {processor.py:840} INFO - DAG(s) 'python_broker' retrieved from /opt/airflow/dags/python_broker.py
[2024-11-18T23:36:45.305+0000] {logging_mixin.py:188} INFO - [2024-11-18T23:36:45.304+0000] {dag.py:3047} INFO - Sync 1 DAGs
[2024-11-18T23:36:45.326+0000] {logging_mixin.py:188} INFO - [2024-11-18T23:36:45.325+0000] {dag.py:3834} INFO - Setting next_dagrun for python_broker to None, run_after=None
[2024-11-18T23:36:45.362+0000] {processor.py:183} INFO - Processing /opt/airflow/dags/python_broker.py took 0.209 seconds
[2024-11-18T23:37:15.592+0000] {processor.py:161} INFO - Started process (PID=160) to work on /opt/airflow/dags/python_broker.py
[2024-11-18T23:37:15.595+0000] {processor.py:830} INFO - Processing file /opt/airflow/dags/python_broker.py for tasks to queue
[2024-11-18T23:37:15.612+0000] {logging_mixin.py:188} INFO - [2024-11-18T23:37:15.611+0000] {dagbag.py:540} INFO - Filling up the DagBag from /opt/airflow/dags/python_broker.py
[2024-11-18T23:37:15.713+0000] {processor.py:840} INFO - DAG(s) 'python_broker' retrieved from /opt/airflow/dags/python_broker.py
[2024-11-18T23:37:15.750+0000] {logging_mixin.py:188} INFO - [2024-11-18T23:37:15.750+0000] {dag.py:3047} INFO - Sync 1 DAGs
[2024-11-18T23:37:15.773+0000] {logging_mixin.py:188} INFO - [2024-11-18T23:37:15.773+0000] {dag.py:3834} INFO - Setting next_dagrun for python_broker to None, run_after=None
[2024-11-18T23:37:15.805+0000] {processor.py:183} INFO - Processing /opt/airflow/dags/python_broker.py took 0.219 seconds
[2024-11-18T23:37:46.057+0000] {processor.py:161} INFO - Started process (PID=168) to work on /opt/airflow/dags/python_broker.py
[2024-11-18T23:37:46.059+0000] {processor.py:830} INFO - Processing file /opt/airflow/dags/python_broker.py for tasks to queue
[2024-11-18T23:37:46.062+0000] {logging_mixin.py:188} INFO - [2024-11-18T23:37:46.061+0000] {dagbag.py:540} INFO - Filling up the DagBag from /opt/airflow/dags/python_broker.py
[2024-11-18T23:37:46.151+0000] {processor.py:840} INFO - DAG(s) 'python_broker' retrieved from /opt/airflow/dags/python_broker.py
[2024-11-18T23:37:46.186+0000] {logging_mixin.py:188} INFO - [2024-11-18T23:37:46.185+0000] {dag.py:3047} INFO - Sync 1 DAGs
[2024-11-18T23:37:46.210+0000] {logging_mixin.py:188} INFO - [2024-11-18T23:37:46.210+0000] {dag.py:3834} INFO - Setting next_dagrun for python_broker to None, run_after=None
[2024-11-18T23:37:46.246+0000] {processor.py:183} INFO - Processing /opt/airflow/dags/python_broker.py took 0.192 seconds
[2024-11-18T23:38:16.500+0000] {processor.py:161} INFO - Started process (PID=176) to work on /opt/airflow/dags/python_broker.py
[2024-11-18T23:38:16.502+0000] {processor.py:830} INFO - Processing file /opt/airflow/dags/python_broker.py for tasks to queue
[2024-11-18T23:38:16.508+0000] {logging_mixin.py:188} INFO - [2024-11-18T23:38:16.507+0000] {dagbag.py:540} INFO - Filling up the DagBag from /opt/airflow/dags/python_broker.py
[2024-11-18T23:38:16.602+0000] {processor.py:840} INFO - DAG(s) 'python_broker' retrieved from /opt/airflow/dags/python_broker.py
[2024-11-18T23:38:16.640+0000] {logging_mixin.py:188} INFO - [2024-11-18T23:38:16.639+0000] {dag.py:3047} INFO - Sync 1 DAGs
[2024-11-18T23:38:16.659+0000] {logging_mixin.py:188} INFO - [2024-11-18T23:38:16.658+0000] {dag.py:3834} INFO - Setting next_dagrun for python_broker to None, run_after=None
[2024-11-18T23:38:16.695+0000] {processor.py:183} INFO - Processing /opt/airflow/dags/python_broker.py took 0.203 seconds
[2024-11-18T23:38:47.061+0000] {processor.py:161} INFO - Started process (PID=184) to work on /opt/airflow/dags/python_broker.py
[2024-11-18T23:38:47.063+0000] {processor.py:830} INFO - Processing file /opt/airflow/dags/python_broker.py for tasks to queue
[2024-11-18T23:38:47.068+0000] {logging_mixin.py:188} INFO - [2024-11-18T23:38:47.067+0000] {dagbag.py:540} INFO - Filling up the DagBag from /opt/airflow/dags/python_broker.py
[2024-11-18T23:38:47.185+0000] {processor.py:840} INFO - DAG(s) 'python_broker' retrieved from /opt/airflow/dags/python_broker.py
[2024-11-18T23:38:47.233+0000] {logging_mixin.py:188} INFO - [2024-11-18T23:38:47.233+0000] {dag.py:3047} INFO - Sync 1 DAGs
[2024-11-18T23:38:47.262+0000] {logging_mixin.py:188} INFO - [2024-11-18T23:38:47.261+0000] {dag.py:3834} INFO - Setting next_dagrun for python_broker to None, run_after=None
[2024-11-18T23:38:47.303+0000] {processor.py:183} INFO - Processing /opt/airflow/dags/python_broker.py took 0.250 seconds
[2024-11-18T23:39:17.571+0000] {processor.py:161} INFO - Started process (PID=192) to work on /opt/airflow/dags/python_broker.py
[2024-11-18T23:39:17.573+0000] {processor.py:830} INFO - Processing file /opt/airflow/dags/python_broker.py for tasks to queue
[2024-11-18T23:39:17.578+0000] {logging_mixin.py:188} INFO - [2024-11-18T23:39:17.577+0000] {dagbag.py:540} INFO - Filling up the DagBag from /opt/airflow/dags/python_broker.py
[2024-11-18T23:39:17.681+0000] {processor.py:840} INFO - DAG(s) 'python_broker' retrieved from /opt/airflow/dags/python_broker.py
[2024-11-18T23:39:17.722+0000] {logging_mixin.py:188} INFO - [2024-11-18T23:39:17.721+0000] {dag.py:3047} INFO - Sync 1 DAGs
[2024-11-18T23:39:17.747+0000] {logging_mixin.py:188} INFO - [2024-11-18T23:39:17.747+0000] {dag.py:3834} INFO - Setting next_dagrun for python_broker to None, run_after=None
[2024-11-18T23:39:17.782+0000] {processor.py:183} INFO - Processing /opt/airflow/dags/python_broker.py took 0.217 seconds
[2024-11-18T23:39:48.045+0000] {processor.py:161} INFO - Started process (PID=200) to work on /opt/airflow/dags/python_broker.py
[2024-11-18T23:39:48.048+0000] {processor.py:830} INFO - Processing file /opt/airflow/dags/python_broker.py for tasks to queue
[2024-11-18T23:39:48.056+0000] {logging_mixin.py:188} INFO - [2024-11-18T23:39:48.055+0000] {dagbag.py:540} INFO - Filling up the DagBag from /opt/airflow/dags/python_broker.py
[2024-11-18T23:39:48.162+0000] {processor.py:840} INFO - DAG(s) 'python_broker' retrieved from /opt/airflow/dags/python_broker.py
[2024-11-18T23:39:48.205+0000] {logging_mixin.py:188} INFO - [2024-11-18T23:39:48.204+0000] {dag.py:3047} INFO - Sync 1 DAGs
[2024-11-18T23:39:48.235+0000] {logging_mixin.py:188} INFO - [2024-11-18T23:39:48.234+0000] {dag.py:3834} INFO - Setting next_dagrun for python_broker to None, run_after=None
[2024-11-18T23:39:48.289+0000] {processor.py:183} INFO - Processing /opt/airflow/dags/python_broker.py took 0.249 seconds
[2024-11-18T23:40:18.581+0000] {processor.py:161} INFO - Started process (PID=208) to work on /opt/airflow/dags/python_broker.py
[2024-11-18T23:40:18.584+0000] {processor.py:830} INFO - Processing file /opt/airflow/dags/python_broker.py for tasks to queue
[2024-11-18T23:40:18.591+0000] {logging_mixin.py:188} INFO - [2024-11-18T23:40:18.590+0000] {dagbag.py:540} INFO - Filling up the DagBag from /opt/airflow/dags/python_broker.py
[2024-11-18T23:40:18.756+0000] {processor.py:840} INFO - DAG(s) 'python_broker' retrieved from /opt/airflow/dags/python_broker.py
[2024-11-18T23:40:18.811+0000] {logging_mixin.py:188} INFO - [2024-11-18T23:40:18.811+0000] {dag.py:3047} INFO - Sync 1 DAGs
[2024-11-18T23:40:18.872+0000] {logging_mixin.py:188} INFO - [2024-11-18T23:40:18.871+0000] {dag.py:3834} INFO - Setting next_dagrun for python_broker to None, run_after=None
[2024-11-18T23:40:18.938+0000] {processor.py:183} INFO - Processing /opt/airflow/dags/python_broker.py took 0.366 seconds
[2024-11-18T23:40:49.130+0000] {processor.py:161} INFO - Started process (PID=216) to work on /opt/airflow/dags/python_broker.py
[2024-11-18T23:40:49.131+0000] {processor.py:830} INFO - Processing file /opt/airflow/dags/python_broker.py for tasks to queue
[2024-11-18T23:40:49.136+0000] {logging_mixin.py:188} INFO - [2024-11-18T23:40:49.135+0000] {dagbag.py:540} INFO - Filling up the DagBag from /opt/airflow/dags/python_broker.py
[2024-11-18T23:40:49.224+0000] {processor.py:840} INFO - DAG(s) 'python_broker' retrieved from /opt/airflow/dags/python_broker.py
[2024-11-18T23:40:49.262+0000] {logging_mixin.py:188} INFO - [2024-11-18T23:40:49.261+0000] {dag.py:3047} INFO - Sync 1 DAGs
[2024-11-18T23:40:49.283+0000] {logging_mixin.py:188} INFO - [2024-11-18T23:40:49.282+0000] {dag.py:3834} INFO - Setting next_dagrun for python_broker to None, run_after=None
[2024-11-18T23:40:49.322+0000] {processor.py:183} INFO - Processing /opt/airflow/dags/python_broker.py took 0.197 seconds
[2024-11-18T23:41:19.560+0000] {processor.py:161} INFO - Started process (PID=224) to work on /opt/airflow/dags/python_broker.py
[2024-11-18T23:41:19.561+0000] {processor.py:830} INFO - Processing file /opt/airflow/dags/python_broker.py for tasks to queue
[2024-11-18T23:41:19.565+0000] {logging_mixin.py:188} INFO - [2024-11-18T23:41:19.564+0000] {dagbag.py:540} INFO - Filling up the DagBag from /opt/airflow/dags/python_broker.py
[2024-11-18T23:41:19.647+0000] {processor.py:840} INFO - DAG(s) 'python_broker' retrieved from /opt/airflow/dags/python_broker.py
[2024-11-18T23:41:19.684+0000] {logging_mixin.py:188} INFO - [2024-11-18T23:41:19.683+0000] {dag.py:3047} INFO - Sync 1 DAGs
[2024-11-18T23:41:19.701+0000] {logging_mixin.py:188} INFO - [2024-11-18T23:41:19.701+0000] {dag.py:3834} INFO - Setting next_dagrun for python_broker to None, run_after=None
[2024-11-18T23:41:19.742+0000] {processor.py:183} INFO - Processing /opt/airflow/dags/python_broker.py took 0.189 seconds
[2024-11-18T23:41:50.004+0000] {processor.py:161} INFO - Started process (PID=232) to work on /opt/airflow/dags/python_broker.py
[2024-11-18T23:41:50.006+0000] {processor.py:830} INFO - Processing file /opt/airflow/dags/python_broker.py for tasks to queue
[2024-11-18T23:41:50.011+0000] {logging_mixin.py:188} INFO - [2024-11-18T23:41:50.010+0000] {dagbag.py:540} INFO - Filling up the DagBag from /opt/airflow/dags/python_broker.py
[2024-11-18T23:41:50.130+0000] {processor.py:840} INFO - DAG(s) 'python_broker' retrieved from /opt/airflow/dags/python_broker.py
[2024-11-18T23:41:50.173+0000] {logging_mixin.py:188} INFO - [2024-11-18T23:41:50.172+0000] {dag.py:3047} INFO - Sync 1 DAGs
[2024-11-18T23:41:50.197+0000] {logging_mixin.py:188} INFO - [2024-11-18T23:41:50.196+0000] {dag.py:3834} INFO - Setting next_dagrun for python_broker to None, run_after=None
[2024-11-18T23:41:50.236+0000] {processor.py:183} INFO - Processing /opt/airflow/dags/python_broker.py took 0.237 seconds
[2024-11-18T23:42:20.494+0000] {processor.py:161} INFO - Started process (PID=240) to work on /opt/airflow/dags/python_broker.py
[2024-11-18T23:42:20.496+0000] {processor.py:830} INFO - Processing file /opt/airflow/dags/python_broker.py for tasks to queue
[2024-11-18T23:42:20.499+0000] {logging_mixin.py:188} INFO - [2024-11-18T23:42:20.499+0000] {dagbag.py:540} INFO - Filling up the DagBag from /opt/airflow/dags/python_broker.py
[2024-11-18T23:42:20.603+0000] {processor.py:840} INFO - DAG(s) 'python_broker' retrieved from /opt/airflow/dags/python_broker.py
[2024-11-18T23:42:20.646+0000] {logging_mixin.py:188} INFO - [2024-11-18T23:42:20.646+0000] {dag.py:3047} INFO - Sync 1 DAGs
[2024-11-18T23:42:20.665+0000] {logging_mixin.py:188} INFO - [2024-11-18T23:42:20.665+0000] {dag.py:3834} INFO - Setting next_dagrun for python_broker to None, run_after=None
[2024-11-18T23:42:20.705+0000] {processor.py:183} INFO - Processing /opt/airflow/dags/python_broker.py took 0.216 seconds
[2024-11-18T23:42:50.985+0000] {processor.py:161} INFO - Started process (PID=248) to work on /opt/airflow/dags/python_broker.py
[2024-11-18T23:42:50.987+0000] {processor.py:830} INFO - Processing file /opt/airflow/dags/python_broker.py for tasks to queue
[2024-11-18T23:42:50.991+0000] {logging_mixin.py:188} INFO - [2024-11-18T23:42:50.990+0000] {dagbag.py:540} INFO - Filling up the DagBag from /opt/airflow/dags/python_broker.py
[2024-11-18T23:42:51.115+0000] {processor.py:840} INFO - DAG(s) 'python_broker' retrieved from /opt/airflow/dags/python_broker.py
[2024-11-18T23:42:51.158+0000] {logging_mixin.py:188} INFO - [2024-11-18T23:42:51.157+0000] {dag.py:3047} INFO - Sync 1 DAGs
[2024-11-18T23:42:51.179+0000] {logging_mixin.py:188} INFO - [2024-11-18T23:42:51.178+0000] {dag.py:3834} INFO - Setting next_dagrun for python_broker to None, run_after=None
[2024-11-18T23:42:51.219+0000] {processor.py:183} INFO - Processing /opt/airflow/dags/python_broker.py took 0.240 seconds
[2024-11-18T23:43:21.482+0000] {processor.py:161} INFO - Started process (PID=256) to work on /opt/airflow/dags/python_broker.py
[2024-11-18T23:43:21.483+0000] {processor.py:830} INFO - Processing file /opt/airflow/dags/python_broker.py for tasks to queue
[2024-11-18T23:43:21.486+0000] {logging_mixin.py:188} INFO - [2024-11-18T23:43:21.486+0000] {dagbag.py:540} INFO - Filling up the DagBag from /opt/airflow/dags/python_broker.py
[2024-11-18T23:43:21.610+0000] {processor.py:840} INFO - DAG(s) 'python_broker' retrieved from /opt/airflow/dags/python_broker.py
[2024-11-18T23:43:21.650+0000] {logging_mixin.py:188} INFO - [2024-11-18T23:43:21.650+0000] {dag.py:3047} INFO - Sync 1 DAGs
[2024-11-18T23:43:21.672+0000] {logging_mixin.py:188} INFO - [2024-11-18T23:43:21.671+0000] {dag.py:3834} INFO - Setting next_dagrun for python_broker to None, run_after=None
[2024-11-18T23:43:21.714+0000] {processor.py:183} INFO - Processing /opt/airflow/dags/python_broker.py took 0.238 seconds
[2024-11-18T23:43:52.160+0000] {processor.py:161} INFO - Started process (PID=265) to work on /opt/airflow/dags/python_broker.py
[2024-11-18T23:43:52.161+0000] {processor.py:830} INFO - Processing file /opt/airflow/dags/python_broker.py for tasks to queue
[2024-11-18T23:43:52.165+0000] {logging_mixin.py:188} INFO - [2024-11-18T23:43:52.164+0000] {dagbag.py:540} INFO - Filling up the DagBag from /opt/airflow/dags/python_broker.py
[2024-11-18T23:43:52.258+0000] {processor.py:840} INFO - DAG(s) 'python_broker' retrieved from /opt/airflow/dags/python_broker.py
[2024-11-18T23:43:52.299+0000] {logging_mixin.py:188} INFO - [2024-11-18T23:43:52.299+0000] {dag.py:3047} INFO - Sync 1 DAGs
[2024-11-18T23:43:52.318+0000] {logging_mixin.py:188} INFO - [2024-11-18T23:43:52.317+0000] {dag.py:3834} INFO - Setting next_dagrun for python_broker to None, run_after=None
[2024-11-18T23:43:52.352+0000] {processor.py:183} INFO - Processing /opt/airflow/dags/python_broker.py took 0.197 seconds
[2024-11-18T23:44:22.686+0000] {processor.py:161} INFO - Started process (PID=275) to work on /opt/airflow/dags/python_broker.py
[2024-11-18T23:44:22.688+0000] {processor.py:830} INFO - Processing file /opt/airflow/dags/python_broker.py for tasks to queue
[2024-11-18T23:44:22.689+0000] {logging_mixin.py:188} INFO - [2024-11-18T23:44:22.688+0000] {dagbag.py:540} INFO - Filling up the DagBag from /opt/airflow/dags/python_broker.py
[2024-11-18T23:44:22.847+0000] {processor.py:840} INFO - DAG(s) 'python_broker' retrieved from /opt/airflow/dags/python_broker.py
[2024-11-18T23:44:22.902+0000] {logging_mixin.py:188} INFO - [2024-11-18T23:44:22.901+0000] {dag.py:3047} INFO - Sync 1 DAGs
[2024-11-18T23:44:22.928+0000] {logging_mixin.py:188} INFO - [2024-11-18T23:44:22.928+0000] {dag.py:3834} INFO - Setting next_dagrun for python_broker to None, run_after=None
[2024-11-18T23:44:22.970+0000] {processor.py:183} INFO - Processing /opt/airflow/dags/python_broker.py took 0.295 seconds
[2024-11-18T23:44:53.309+0000] {processor.py:161} INFO - Started process (PID=284) to work on /opt/airflow/dags/python_broker.py
[2024-11-18T23:44:53.311+0000] {processor.py:830} INFO - Processing file /opt/airflow/dags/python_broker.py for tasks to queue
[2024-11-18T23:44:53.317+0000] {logging_mixin.py:188} INFO - [2024-11-18T23:44:53.316+0000] {dagbag.py:540} INFO - Filling up the DagBag from /opt/airflow/dags/python_broker.py
[2024-11-18T23:44:53.548+0000] {processor.py:840} INFO - DAG(s) 'python_broker' retrieved from /opt/airflow/dags/python_broker.py
[2024-11-18T23:44:53.640+0000] {logging_mixin.py:188} INFO - [2024-11-18T23:44:53.640+0000] {dag.py:3047} INFO - Sync 1 DAGs
[2024-11-18T23:44:53.717+0000] {logging_mixin.py:188} INFO - [2024-11-18T23:44:53.716+0000] {dag.py:3834} INFO - Setting next_dagrun for python_broker to None, run_after=None
[2024-11-18T23:44:53.871+0000] {processor.py:183} INFO - Processing /opt/airflow/dags/python_broker.py took 0.569 seconds
[2024-11-18T23:45:24.356+0000] {processor.py:161} INFO - Started process (PID=293) to work on /opt/airflow/dags/python_broker.py
[2024-11-18T23:45:24.358+0000] {processor.py:830} INFO - Processing file /opt/airflow/dags/python_broker.py for tasks to queue
[2024-11-18T23:45:24.361+0000] {logging_mixin.py:188} INFO - [2024-11-18T23:45:24.360+0000] {dagbag.py:540} INFO - Filling up the DagBag from /opt/airflow/dags/python_broker.py
[2024-11-18T23:45:24.451+0000] {processor.py:840} INFO - DAG(s) 'python_broker' retrieved from /opt/airflow/dags/python_broker.py
[2024-11-18T23:45:24.490+0000] {logging_mixin.py:188} INFO - [2024-11-18T23:45:24.490+0000] {dag.py:3047} INFO - Sync 1 DAGs
[2024-11-18T23:45:24.510+0000] {logging_mixin.py:188} INFO - [2024-11-18T23:45:24.510+0000] {dag.py:3834} INFO - Setting next_dagrun for python_broker to None, run_after=None
[2024-11-18T23:45:24.545+0000] {processor.py:183} INFO - Processing /opt/airflow/dags/python_broker.py took 0.193 seconds
[2024-11-18T23:45:54.861+0000] {processor.py:161} INFO - Started process (PID=302) to work on /opt/airflow/dags/python_broker.py
[2024-11-18T23:45:54.862+0000] {processor.py:830} INFO - Processing file /opt/airflow/dags/python_broker.py for tasks to queue
[2024-11-18T23:45:54.865+0000] {logging_mixin.py:188} INFO - [2024-11-18T23:45:54.865+0000] {dagbag.py:540} INFO - Filling up the DagBag from /opt/airflow/dags/python_broker.py
[2024-11-18T23:45:54.954+0000] {processor.py:840} INFO - DAG(s) 'python_broker' retrieved from /opt/airflow/dags/python_broker.py
[2024-11-18T23:45:54.993+0000] {logging_mixin.py:188} INFO - [2024-11-18T23:45:54.993+0000] {dag.py:3047} INFO - Sync 1 DAGs
[2024-11-18T23:45:55.017+0000] {logging_mixin.py:188} INFO - [2024-11-18T23:45:55.017+0000] {dag.py:3834} INFO - Setting next_dagrun for python_broker to None, run_after=None
[2024-11-18T23:45:55.055+0000] {processor.py:183} INFO - Processing /opt/airflow/dags/python_broker.py took 0.199 seconds
[2024-11-18T23:46:25.350+0000] {processor.py:161} INFO - Started process (PID=311) to work on /opt/airflow/dags/python_broker.py
[2024-11-18T23:46:25.352+0000] {processor.py:830} INFO - Processing file /opt/airflow/dags/python_broker.py for tasks to queue
[2024-11-18T23:46:25.355+0000] {logging_mixin.py:188} INFO - [2024-11-18T23:46:25.355+0000] {dagbag.py:540} INFO - Filling up the DagBag from /opt/airflow/dags/python_broker.py
[2024-11-18T23:46:25.483+0000] {processor.py:840} INFO - DAG(s) 'python_broker' retrieved from /opt/airflow/dags/python_broker.py
[2024-11-18T23:46:25.543+0000] {logging_mixin.py:188} INFO - [2024-11-18T23:46:25.543+0000] {dag.py:3047} INFO - Sync 1 DAGs
[2024-11-18T23:46:25.586+0000] {logging_mixin.py:188} INFO - [2024-11-18T23:46:25.585+0000] {dag.py:3834} INFO - Setting next_dagrun for python_broker to None, run_after=None
[2024-11-18T23:46:25.633+0000] {processor.py:183} INFO - Processing /opt/airflow/dags/python_broker.py took 0.289 seconds
[2024-11-18T23:46:56.041+0000] {processor.py:161} INFO - Started process (PID=320) to work on /opt/airflow/dags/python_broker.py
[2024-11-18T23:46:56.042+0000] {processor.py:830} INFO - Processing file /opt/airflow/dags/python_broker.py for tasks to queue
[2024-11-18T23:46:56.046+0000] {logging_mixin.py:188} INFO - [2024-11-18T23:46:56.045+0000] {dagbag.py:540} INFO - Filling up the DagBag from /opt/airflow/dags/python_broker.py
[2024-11-18T23:46:56.141+0000] {processor.py:840} INFO - DAG(s) 'python_broker' retrieved from /opt/airflow/dags/python_broker.py
[2024-11-18T23:46:56.187+0000] {logging_mixin.py:188} INFO - [2024-11-18T23:46:56.187+0000] {dag.py:3047} INFO - Sync 1 DAGs
[2024-11-18T23:46:56.212+0000] {logging_mixin.py:188} INFO - [2024-11-18T23:46:56.211+0000] {dag.py:3834} INFO - Setting next_dagrun for python_broker to None, run_after=None
[2024-11-18T23:46:56.256+0000] {processor.py:183} INFO - Processing /opt/airflow/dags/python_broker.py took 0.220 seconds
[2024-11-18T23:47:26.563+0000] {processor.py:161} INFO - Started process (PID=329) to work on /opt/airflow/dags/python_broker.py
[2024-11-18T23:47:26.564+0000] {processor.py:830} INFO - Processing file /opt/airflow/dags/python_broker.py for tasks to queue
[2024-11-18T23:47:26.568+0000] {logging_mixin.py:188} INFO - [2024-11-18T23:47:26.567+0000] {dagbag.py:540} INFO - Filling up the DagBag from /opt/airflow/dags/python_broker.py
[2024-11-18T23:47:26.689+0000] {processor.py:840} INFO - DAG(s) 'python_broker' retrieved from /opt/airflow/dags/python_broker.py
[2024-11-18T23:47:26.732+0000] {logging_mixin.py:188} INFO - [2024-11-18T23:47:26.732+0000] {dag.py:3047} INFO - Sync 1 DAGs
[2024-11-18T23:47:26.758+0000] {logging_mixin.py:188} INFO - [2024-11-18T23:47:26.757+0000] {dag.py:3834} INFO - Setting next_dagrun for python_broker to None, run_after=None
[2024-11-18T23:47:26.802+0000] {processor.py:183} INFO - Processing /opt/airflow/dags/python_broker.py took 0.244 seconds
[2024-11-18T23:47:57.148+0000] {processor.py:161} INFO - Started process (PID=338) to work on /opt/airflow/dags/python_broker.py
[2024-11-18T23:47:57.149+0000] {processor.py:830} INFO - Processing file /opt/airflow/dags/python_broker.py for tasks to queue
[2024-11-18T23:47:57.153+0000] {logging_mixin.py:188} INFO - [2024-11-18T23:47:57.152+0000] {dagbag.py:540} INFO - Filling up the DagBag from /opt/airflow/dags/python_broker.py
[2024-11-18T23:47:57.262+0000] {processor.py:840} INFO - DAG(s) 'python_broker' retrieved from /opt/airflow/dags/python_broker.py
[2024-11-18T23:47:57.306+0000] {logging_mixin.py:188} INFO - [2024-11-18T23:47:57.306+0000] {dag.py:3047} INFO - Sync 1 DAGs
[2024-11-18T23:47:57.330+0000] {logging_mixin.py:188} INFO - [2024-11-18T23:47:57.330+0000] {dag.py:3834} INFO - Setting next_dagrun for python_broker to None, run_after=None
[2024-11-18T23:47:57.370+0000] {processor.py:183} INFO - Processing /opt/airflow/dags/python_broker.py took 0.227 seconds
[2024-11-18T23:48:27.692+0000] {processor.py:161} INFO - Started process (PID=347) to work on /opt/airflow/dags/python_broker.py
[2024-11-18T23:48:27.694+0000] {processor.py:830} INFO - Processing file /opt/airflow/dags/python_broker.py for tasks to queue
[2024-11-18T23:48:27.697+0000] {logging_mixin.py:188} INFO - [2024-11-18T23:48:27.697+0000] {dagbag.py:540} INFO - Filling up the DagBag from /opt/airflow/dags/python_broker.py
[2024-11-18T23:48:27.808+0000] {processor.py:840} INFO - DAG(s) 'python_broker' retrieved from /opt/airflow/dags/python_broker.py
[2024-11-18T23:48:27.864+0000] {logging_mixin.py:188} INFO - [2024-11-18T23:48:27.863+0000] {dag.py:3047} INFO - Sync 1 DAGs
[2024-11-18T23:48:27.889+0000] {logging_mixin.py:188} INFO - [2024-11-18T23:48:27.889+0000] {dag.py:3834} INFO - Setting next_dagrun for python_broker to None, run_after=None
[2024-11-18T23:48:27.932+0000] {processor.py:183} INFO - Processing /opt/airflow/dags/python_broker.py took 0.244 seconds
[2024-11-18T23:48:58.122+0000] {processor.py:161} INFO - Started process (PID=356) to work on /opt/airflow/dags/python_broker.py
[2024-11-18T23:48:58.123+0000] {processor.py:830} INFO - Processing file /opt/airflow/dags/python_broker.py for tasks to queue
[2024-11-18T23:48:58.127+0000] {logging_mixin.py:188} INFO - [2024-11-18T23:48:58.126+0000] {dagbag.py:540} INFO - Filling up the DagBag from /opt/airflow/dags/python_broker.py
[2024-11-18T23:48:58.223+0000] {processor.py:840} INFO - DAG(s) 'python_broker' retrieved from /opt/airflow/dags/python_broker.py
[2024-11-18T23:48:58.267+0000] {logging_mixin.py:188} INFO - [2024-11-18T23:48:58.266+0000] {dag.py:3047} INFO - Sync 1 DAGs
[2024-11-18T23:48:58.291+0000] {logging_mixin.py:188} INFO - [2024-11-18T23:48:58.290+0000] {dag.py:3834} INFO - Setting next_dagrun for python_broker to None, run_after=None
[2024-11-18T23:48:58.333+0000] {processor.py:183} INFO - Processing /opt/airflow/dags/python_broker.py took 0.215 seconds
[2024-11-18T23:49:28.733+0000] {processor.py:161} INFO - Started process (PID=365) to work on /opt/airflow/dags/python_broker.py
[2024-11-18T23:49:28.735+0000] {processor.py:830} INFO - Processing file /opt/airflow/dags/python_broker.py for tasks to queue
[2024-11-18T23:49:28.739+0000] {logging_mixin.py:188} INFO - [2024-11-18T23:49:28.738+0000] {dagbag.py:540} INFO - Filling up the DagBag from /opt/airflow/dags/python_broker.py
[2024-11-18T23:49:28.901+0000] {processor.py:840} INFO - DAG(s) 'python_broker' retrieved from /opt/airflow/dags/python_broker.py
[2024-11-18T23:49:28.982+0000] {logging_mixin.py:188} INFO - [2024-11-18T23:49:28.982+0000] {dag.py:3047} INFO - Sync 1 DAGs
[2024-11-18T23:49:29.038+0000] {logging_mixin.py:188} INFO - [2024-11-18T23:49:29.036+0000] {dag.py:3834} INFO - Setting next_dagrun for python_broker to None, run_after=None
[2024-11-18T23:49:29.112+0000] {processor.py:183} INFO - Processing /opt/airflow/dags/python_broker.py took 0.385 seconds
[2024-11-18T23:49:59.768+0000] {processor.py:161} INFO - Started process (PID=374) to work on /opt/airflow/dags/python_broker.py
[2024-11-18T23:49:59.785+0000] {processor.py:830} INFO - Processing file /opt/airflow/dags/python_broker.py for tasks to queue
[2024-11-18T23:49:59.798+0000] {logging_mixin.py:188} INFO - [2024-11-18T23:49:59.796+0000] {dagbag.py:540} INFO - Filling up the DagBag from /opt/airflow/dags/python_broker.py
[2024-11-18T23:50:01.159+0000] {processor.py:840} INFO - DAG(s) 'python_broker' retrieved from /opt/airflow/dags/python_broker.py
[2024-11-18T23:50:01.673+0000] {logging_mixin.py:188} INFO - [2024-11-18T23:50:01.671+0000] {dag.py:3047} INFO - Sync 1 DAGs
[2024-11-18T23:50:01.793+0000] {logging_mixin.py:188} INFO - [2024-11-18T23:50:01.792+0000] {dag.py:3834} INFO - Setting next_dagrun for python_broker to None, run_after=None
[2024-11-18T23:50:01.920+0000] {processor.py:183} INFO - Processing /opt/airflow/dags/python_broker.py took 2.184 seconds
[2024-11-18T23:50:32.560+0000] {processor.py:161} INFO - Started process (PID=385) to work on /opt/airflow/dags/python_broker.py
[2024-11-18T23:50:32.564+0000] {processor.py:830} INFO - Processing file /opt/airflow/dags/python_broker.py for tasks to queue
[2024-11-18T23:50:32.573+0000] {logging_mixin.py:188} INFO - [2024-11-18T23:50:32.571+0000] {dagbag.py:540} INFO - Filling up the DagBag from /opt/airflow/dags/python_broker.py
[2024-11-18T23:50:32.855+0000] {processor.py:840} INFO - DAG(s) 'python_broker' retrieved from /opt/airflow/dags/python_broker.py
[2024-11-18T23:50:32.948+0000] {logging_mixin.py:188} INFO - [2024-11-18T23:50:32.947+0000] {dag.py:3047} INFO - Sync 1 DAGs
[2024-11-18T23:50:32.988+0000] {logging_mixin.py:188} INFO - [2024-11-18T23:50:32.987+0000] {dag.py:3834} INFO - Setting next_dagrun for python_broker to None, run_after=None
[2024-11-18T23:50:33.042+0000] {processor.py:183} INFO - Processing /opt/airflow/dags/python_broker.py took 0.492 seconds
[2024-11-18T23:51:03.835+0000] {processor.py:161} INFO - Started process (PID=400) to work on /opt/airflow/dags/python_broker.py
[2024-11-18T23:51:03.840+0000] {processor.py:830} INFO - Processing file /opt/airflow/dags/python_broker.py for tasks to queue
[2024-11-18T23:51:03.848+0000] {logging_mixin.py:188} INFO - [2024-11-18T23:51:03.846+0000] {dagbag.py:540} INFO - Filling up the DagBag from /opt/airflow/dags/python_broker.py
[2024-11-18T23:51:04.265+0000] {processor.py:840} INFO - DAG(s) 'python_broker' retrieved from /opt/airflow/dags/python_broker.py
[2024-11-18T23:51:04.532+0000] {logging_mixin.py:188} INFO - [2024-11-18T23:51:04.530+0000] {dag.py:3047} INFO - Sync 1 DAGs
[2024-11-18T23:51:04.646+0000] {logging_mixin.py:188} INFO - [2024-11-18T23:51:04.643+0000] {dag.py:3834} INFO - Setting next_dagrun for python_broker to None, run_after=None
[2024-11-18T23:51:04.760+0000] {processor.py:183} INFO - Processing /opt/airflow/dags/python_broker.py took 0.940 seconds
[2024-11-18T23:51:35.235+0000] {processor.py:161} INFO - Started process (PID=410) to work on /opt/airflow/dags/python_broker.py
[2024-11-18T23:51:35.280+0000] {processor.py:830} INFO - Processing file /opt/airflow/dags/python_broker.py for tasks to queue
[2024-11-18T23:51:35.370+0000] {logging_mixin.py:188} INFO - [2024-11-18T23:51:35.368+0000] {dagbag.py:540} INFO - Filling up the DagBag from /opt/airflow/dags/python_broker.py
[2024-11-18T23:51:36.274+0000] {processor.py:840} INFO - DAG(s) 'python_broker' retrieved from /opt/airflow/dags/python_broker.py
[2024-11-18T23:51:36.579+0000] {logging_mixin.py:188} INFO - [2024-11-18T23:51:36.577+0000] {dag.py:3047} INFO - Sync 1 DAGs
[2024-11-18T23:51:36.700+0000] {logging_mixin.py:188} INFO - [2024-11-18T23:51:36.699+0000] {dag.py:3834} INFO - Setting next_dagrun for python_broker to None, run_after=None
[2024-11-18T23:51:36.951+0000] {processor.py:183} INFO - Processing /opt/airflow/dags/python_broker.py took 1.807 seconds
[2024-11-18T23:52:07.186+0000] {processor.py:161} INFO - Started process (PID=420) to work on /opt/airflow/dags/python_broker.py
[2024-11-18T23:52:07.189+0000] {processor.py:830} INFO - Processing file /opt/airflow/dags/python_broker.py for tasks to queue
[2024-11-18T23:52:07.194+0000] {logging_mixin.py:188} INFO - [2024-11-18T23:52:07.193+0000] {dagbag.py:540} INFO - Filling up the DagBag from /opt/airflow/dags/python_broker.py
[2024-11-18T23:52:07.413+0000] {processor.py:840} INFO - DAG(s) 'python_broker' retrieved from /opt/airflow/dags/python_broker.py
[2024-11-18T23:52:07.482+0000] {logging_mixin.py:188} INFO - [2024-11-18T23:52:07.481+0000] {dag.py:3047} INFO - Sync 1 DAGs
[2024-11-18T23:52:07.512+0000] {logging_mixin.py:188} INFO - [2024-11-18T23:52:07.511+0000] {dag.py:3834} INFO - Setting next_dagrun for python_broker to None, run_after=None
[2024-11-18T23:52:07.559+0000] {processor.py:183} INFO - Processing /opt/airflow/dags/python_broker.py took 0.382 seconds
[2024-11-18T23:52:37.895+0000] {processor.py:161} INFO - Started process (PID=429) to work on /opt/airflow/dags/python_broker.py
[2024-11-18T23:52:37.897+0000] {processor.py:830} INFO - Processing file /opt/airflow/dags/python_broker.py for tasks to queue
[2024-11-18T23:52:37.903+0000] {logging_mixin.py:188} INFO - [2024-11-18T23:52:37.902+0000] {dagbag.py:540} INFO - Filling up the DagBag from /opt/airflow/dags/python_broker.py
[2024-11-18T23:52:38.074+0000] {processor.py:840} INFO - DAG(s) 'python_broker' retrieved from /opt/airflow/dags/python_broker.py
[2024-11-18T23:52:38.142+0000] {logging_mixin.py:188} INFO - [2024-11-18T23:52:38.141+0000] {dag.py:3047} INFO - Sync 1 DAGs
[2024-11-18T23:52:38.179+0000] {logging_mixin.py:188} INFO - [2024-11-18T23:52:38.178+0000] {dag.py:3834} INFO - Setting next_dagrun for python_broker to None, run_after=None
[2024-11-18T23:52:38.232+0000] {processor.py:183} INFO - Processing /opt/airflow/dags/python_broker.py took 0.344 seconds
[2024-11-18T23:53:08.668+0000] {processor.py:161} INFO - Started process (PID=438) to work on /opt/airflow/dags/python_broker.py
[2024-11-18T23:53:08.673+0000] {processor.py:830} INFO - Processing file /opt/airflow/dags/python_broker.py for tasks to queue
[2024-11-18T23:53:08.686+0000] {logging_mixin.py:188} INFO - [2024-11-18T23:53:08.685+0000] {dagbag.py:540} INFO - Filling up the DagBag from /opt/airflow/dags/python_broker.py
[2024-11-18T23:53:09.020+0000] {processor.py:840} INFO - DAG(s) 'python_broker' retrieved from /opt/airflow/dags/python_broker.py
[2024-11-18T23:53:09.108+0000] {logging_mixin.py:188} INFO - [2024-11-18T23:53:09.108+0000] {dag.py:3047} INFO - Sync 1 DAGs
[2024-11-18T23:53:09.175+0000] {logging_mixin.py:188} INFO - [2024-11-18T23:53:09.172+0000] {dag.py:3834} INFO - Setting next_dagrun for python_broker to None, run_after=None
[2024-11-18T23:53:09.256+0000] {processor.py:183} INFO - Processing /opt/airflow/dags/python_broker.py took 0.601 seconds
[2024-11-18T23:53:43.064+0000] {processor.py:161} INFO - Started process (PID=442) to work on /opt/airflow/dags/python_broker.py
[2024-11-18T23:53:43.072+0000] {processor.py:830} INFO - Processing file /opt/airflow/dags/python_broker.py for tasks to queue
[2024-11-18T23:53:43.089+0000] {logging_mixin.py:188} INFO - [2024-11-18T23:53:43.087+0000] {dagbag.py:540} INFO - Filling up the DagBag from /opt/airflow/dags/python_broker.py
[2024-11-18T23:53:43.811+0000] {processor.py:840} INFO - DAG(s) 'python_broker' retrieved from /opt/airflow/dags/python_broker.py
[2024-11-18T23:53:50.435+0000] {logging_mixin.py:188} INFO - [2024-11-18T23:53:50.417+0000] {dag.py:3047} INFO - Sync 1 DAGs
[2024-11-18T23:53:50.653+0000] {logging_mixin.py:188} INFO - [2024-11-18T23:53:50.652+0000] {dag.py:3834} INFO - Setting next_dagrun for python_broker to None, run_after=None
[2024-11-18T23:53:50.911+0000] {processor.py:183} INFO - Processing /opt/airflow/dags/python_broker.py took 7.871 seconds
[2024-11-18T23:54:21.522+0000] {processor.py:161} INFO - Started process (PID=450) to work on /opt/airflow/dags/python_broker.py
[2024-11-18T23:54:21.524+0000] {processor.py:830} INFO - Processing file /opt/airflow/dags/python_broker.py for tasks to queue
[2024-11-18T23:54:21.529+0000] {logging_mixin.py:188} INFO - [2024-11-18T23:54:21.528+0000] {dagbag.py:540} INFO - Filling up the DagBag from /opt/airflow/dags/python_broker.py
[2024-11-18T23:54:21.736+0000] {processor.py:840} INFO - DAG(s) 'python_broker' retrieved from /opt/airflow/dags/python_broker.py
[2024-11-18T23:54:21.836+0000] {logging_mixin.py:188} INFO - [2024-11-18T23:54:21.835+0000] {dag.py:3047} INFO - Sync 1 DAGs
[2024-11-18T23:54:21.910+0000] {logging_mixin.py:188} INFO - [2024-11-18T23:54:21.909+0000] {dag.py:3834} INFO - Setting next_dagrun for python_broker to None, run_after=None
[2024-11-18T23:54:22.014+0000] {processor.py:183} INFO - Processing /opt/airflow/dags/python_broker.py took 0.503 seconds
[2024-11-18T23:54:52.967+0000] {processor.py:161} INFO - Started process (PID=458) to work on /opt/airflow/dags/python_broker.py
[2024-11-18T23:54:52.974+0000] {processor.py:830} INFO - Processing file /opt/airflow/dags/python_broker.py for tasks to queue
[2024-11-18T23:54:52.981+0000] {logging_mixin.py:188} INFO - [2024-11-18T23:54:52.980+0000] {dagbag.py:540} INFO - Filling up the DagBag from /opt/airflow/dags/python_broker.py
[2024-11-18T23:54:53.602+0000] {processor.py:840} INFO - DAG(s) 'python_broker' retrieved from /opt/airflow/dags/python_broker.py
[2024-11-18T23:54:54.352+0000] {logging_mixin.py:188} INFO - [2024-11-18T23:54:54.342+0000] {dag.py:3047} INFO - Sync 1 DAGs
[2024-11-18T23:54:54.406+0000] {logging_mixin.py:188} INFO - [2024-11-18T23:54:54.405+0000] {dag.py:3834} INFO - Setting next_dagrun for python_broker to None, run_after=None
[2024-11-18T23:54:54.483+0000] {processor.py:183} INFO - Processing /opt/airflow/dags/python_broker.py took 1.536 seconds
