[2024-11-18T23:40:07.174+0000] {taskinstance.py:1979} INFO - Dependencies all met for dep_context=non-requeueable deps ti=<TaskInstance: python_broker.sensor manual__2024-11-18T23:40:04.967963+00:00 [queued]>
[2024-11-18T23:40:07.211+0000] {taskinstance.py:1979} INFO - Dependencies all met for dep_context=requeueable deps ti=<TaskInstance: python_broker.sensor manual__2024-11-18T23:40:04.967963+00:00 [queued]>
[2024-11-18T23:40:07.213+0000] {taskinstance.py:2193} INFO - Starting attempt 1 of 1
[2024-11-18T23:40:07.256+0000] {taskinstance.py:2217} INFO - Executing <Task(RabbitMQSensor): sensor> on 2024-11-18 23:40:04.967963+00:00
[2024-11-18T23:40:07.274+0000] {standard_task_runner.py:60} INFO - Started process 204 to run task
[2024-11-18T23:40:07.282+0000] {standard_task_runner.py:87} INFO - Running: ['***', 'tasks', 'run', 'python_broker', 'sensor', 'manual__2024-11-18T23:40:04.967963+00:00', '--job-id', '16', '--raw', '--subdir', 'DAGS_FOLDER/python_broker.py', '--cfg-path', '/tmp/tmp90embbov']
[2024-11-18T23:40:07.288+0000] {standard_task_runner.py:88} INFO - Job 16: Subtask sensor
[2024-11-18T23:40:07.412+0000] {task_command.py:423} INFO - Running <TaskInstance: python_broker.sensor manual__2024-11-18T23:40:04.967963+00:00 [running]> on host e8cb2db159e8
[2024-11-18T23:40:07.563+0000] {taskinstance.py:2513} INFO - Exporting env vars: AIRFLOW_CTX_DAG_OWNER='***' AIRFLOW_CTX_DAG_ID='python_broker' AIRFLOW_CTX_TASK_ID='sensor' AIRFLOW_CTX_EXECUTION_DATE='2024-11-18T23:40:04.967963+00:00' AIRFLOW_CTX_TRY_NUMBER='1' AIRFLOW_CTX_DAG_RUN_ID='manual__2024-11-18T23:40:04.967963+00:00'
[2024-11-18T23:40:07.580+0000] {base.py:83} INFO - Using connection ID 'RabbitMQ' for task execution.
[2024-11-18T23:40:07.588+0000] {connection_workflow.py:179} INFO - Pika version 1.3.2 connecting to ('172.18.0.6', 5672)
[2024-11-18T23:40:07.591+0000] {io_services_utils.py:345} INFO - Socket connected: <socket.socket fd=93, family=AddressFamily.AF_INET, type=SocketKind.SOCK_STREAM, proto=6, laddr=('172.18.0.5', 48630), raddr=('172.18.0.6', 5672)>
[2024-11-18T23:40:07.595+0000] {connection_workflow.py:428} INFO - Streaming transport linked up: (<pika.adapters.utils.io_services_utils._AsyncPlaintextTransport object at 0x7f225e327370>, _StreamingProtocolShim: <SelectConnection PROTOCOL transport=<pika.adapters.utils.io_services_utils._AsyncPlaintextTransport object at 0x7f225e327370> params=<ConnectionParameters host=rabbitmq_main port=5672 virtual_host=/ ssl=False>>).
[2024-11-18T23:40:07.616+0000] {connection_workflow.py:293} INFO - AMQPConnector - reporting success: <SelectConnection OPEN transport=<pika.adapters.utils.io_services_utils._AsyncPlaintextTransport object at 0x7f225e327370> params=<ConnectionParameters host=rabbitmq_main port=5672 virtual_host=/ ssl=False>>
[2024-11-18T23:40:07.618+0000] {connection_workflow.py:725} INFO - AMQPConnectionWorkflow - reporting success: <SelectConnection OPEN transport=<pika.adapters.utils.io_services_utils._AsyncPlaintextTransport object at 0x7f225e327370> params=<ConnectionParameters host=rabbitmq_main port=5672 virtual_host=/ ssl=False>>
[2024-11-18T23:40:07.619+0000] {blocking_connection.py:453} INFO - Connection workflow succeeded: <SelectConnection OPEN transport=<pika.adapters.utils.io_services_utils._AsyncPlaintextTransport object at 0x7f225e327370> params=<ConnectionParameters host=rabbitmq_main port=5672 virtual_host=/ ssl=False>>
[2024-11-18T23:40:07.620+0000] {blocking_connection.py:1264} INFO - Created channel=1
[2024-11-18T23:40:07.628+0000] {channel.py:536} INFO - Closing channel (0): 'Normal shutdown' on <Channel number=1 OPEN conn=<SelectConnection OPEN transport=<pika.adapters.utils.io_services_utils._AsyncPlaintextTransport object at 0x7f225e327370> params=<ConnectionParameters host=rabbitmq_main port=5672 virtual_host=/ ssl=False>>>
[2024-11-18T23:40:07.630+0000] {channel.py:1133} INFO - Received <Channel.CloseOk> on <Channel number=1 CLOSING conn=<SelectConnection OPEN transport=<pika.adapters.utils.io_services_utils._AsyncPlaintextTransport object at 0x7f225e327370> params=<ConnectionParameters host=rabbitmq_main port=5672 virtual_host=/ ssl=False>>>
[2024-11-18T23:40:07.631+0000] {base.py:295} INFO - Success criteria met. Exiting.
[2024-11-18T23:40:07.672+0000] {taskinstance.py:1149} INFO - Marking task as SUCCESS. dag_id=python_broker, task_id=sensor, execution_date=20241118T234004, start_date=20241118T234007, end_date=20241118T234007
[2024-11-18T23:40:07.738+0000] {local_task_job_runner.py:234} INFO - Task exited with return code 0
[2024-11-18T23:40:07.792+0000] {taskinstance.py:3312} INFO - 1 downstream tasks scheduled from follow-on schedule check
